#
# A fatal error has been detected by the Java Runtime Environment:
#
#  EXCEPTION_ACCESS_VIOLATION (0xc0000005) at pc=0x0000000180003ae0, pid=2596, tid=1868
#
# JRE version: Java(TM) SE Runtime Environment (7.0_45-b18) (build 1.7.0_45-b18)
# Java VM: Java HotSpot(TM) 64-Bit Server VM (24.45-b08 mixed mode windows-amd64 compressed oops)
# Problematic frame:
# C  0x0000000180003ae0
#
# Failed to write core dump. Minidumps are not enabled by default on client versions of Windows
#
# If you would like to submit a bug report, please visit:
#   http://bugreport.sun.com/bugreport/crash.jsp
# The crash happened outside the Java Virtual Machine in native code.
# See problematic frame for where to report the bug.
#

---------------  T H R E A D  ---------------

Current thread (0x000000000a5d2000):  JavaThread "HIDCommandExecutionQueue.executor pool-5-thread-1" daemon [_thread_in_native, id=1868, stack(0x000000000d2e0000,0x000000000d3e0000)]

siginfo: ExceptionCode=0xc0000005, ExceptionInformation=0x0000000000000008 0x0000000180003ae0

Registers:
RAX=0x0000000180003ae0, RBX=0x00000000bd65d970, RCX=0x000000000a5d21e8, RDX=0x000000000d3dec30
RSP=0x000000000d3deba8, RBP=0x000000000d3dec20, RSI=0x00000000bd6679e0, RDI=0x0000000002506373
R8 =0x0000000000000004, R9 =0x0000000000000000, R10=0x000000000251937d, R11=0x00000000676af900
R12=0x0000000000000000, R13=0x00000000bd65d970, R14=0x000000000d3dec48, R15=0x000000000a5d2000
RIP=0x0000000180003ae0, EFLAGS=0x0000000000010202

Top of Stack: (sp=0x000000000d3deba8)
0x000000000d3deba8:   00000000025193a9 00000000bce2d730
0x000000000d3debb8:   000000000d3debf8 00000000eb60af88
0x000000000d3debc8:   000000000256e5b8 00000000bce2d740
0x000000000d3debd8:   0000000000000000 000000000d3debe0
0x000000000d3debe8:   0000000000000000 000000000d3dec48
0x000000000d3debf8:   00000000bd73e628 0000000000000000
0x000000000d3dec08:   00000000bd65d970 0000000000000000
0x000000000d3dec18:   000000000d3dec40 000000000d3dec98
0x000000000d3dec28:   00000000025062b5 00000000c25a2358
0x000000000d3dec38:   0000000002513a57 0000000000000004
0x000000000d3dec48:   0000000000000004 00000000eb60af88
0x000000000d3dec58:   000000000d3dec58 00000000bd65aaab
0x000000000d3dec68:   000000000d3decb8 00000000bd73e628
0x000000000d3dec78:   0000000000000000 00000000bd65ab08
0x000000000d3dec88:   000000000d3dec40 000000000d3deca8
0x000000000d3dec98:   000000000d3ded10 0000000002506198 

Instructions: (pc=0x0000000180003ae0)
0x0000000180003ac0:   
[error occurred during error reporting (printing registers, top of stack, instructions near pc), id 0xc0000005]

Register to memory mapping:

RAX=0x0000000180003ae0 is an unknown value
RBX=0x00000000bd65d970 is an oop
{method} 
 - klass: {other class}
RCX=0x000000000a5d21e8 is an unknown value
RDX=0x000000000d3dec30 is pointing into the stack for thread: 0x000000000a5d2000
RSP=0x000000000d3deba8 is pointing into the stack for thread: 0x000000000a5d2000
RBP=0x000000000d3dec20 is pointing into the stack for thread: 0x000000000a5d2000
RSI=0x00000000bd6679e0 is an oop
{instance class} 
 - klass: {other class}
RDI=0x0000000002506373 is at code_begin+2995 in an Interpreter codelet
return entry points  [0x00000000025057c0, 0x00000000025075c0]  7680 bytes
R8 =0x0000000000000004 is an unknown value
R9 =0x0000000000000000 is an unknown value
R10=0x000000000251937d is at code_begin+1277 in an Interpreter codelet
method entry point (kind = native)  [0x0000000002518e80, 0x0000000002519d40]  3776 bytes
R11=0x00000000676af900 is an unknown value
R12=0x0000000000000000 is an unknown value
R13=0x00000000bd65d970 is an oop
{method} 
 - klass: {other class}
R14=0x000000000d3dec48 is pointing into the stack for thread: 0x000000000a5d2000
R15=0x000000000a5d2000 is a thread


Stack: [0x000000000d2e0000,0x000000000d3e0000],  sp=0x000000000d3deba8,  free space=1018k
Native frames: (J=compiled Java code, j=interpreted, Vv=VM code, C=native code)
C  0x0000000180003ae0
j  com.sun.jna.Memory.<init>(J)V+27
j  com.sun.jna.ptr.ByReference.<init>(I)V+11
j  com.sun.jna.ptr.IntByReference.<init>(I)V+2
j  com.sun.jna.ptr.IntByReference.<init>()V+2
j  edu.cmu.ri.createlab.usb.hid.windows.WindowsHIDDevice.write([B)Ledu/cmu/ri/createlab/usb/hid/HIDWriteStatus;+181
j  edu.cmu.ri.createlab.usb.hid.CreateLabHIDCommandStrategy.execute(Ledu/cmu/ri/createlab/usb/hid/HIDDevice;)Ledu/cmu/ri/createlab/usb/hid/HIDCommandResponse;+15
j  edu.cmu.ri.createlab.usb.hid.CreateLabHIDCommandStrategy.execute(Ljava/lang/Object;)Ledu/cmu/ri/createlab/util/commandexecution/CommandResponse;+5
j  edu.cmu.ri.createlab.usb.hid.HIDCommand.call()Ledu/cmu/ri/createlab/usb/hid/HIDCommandResponse;+8
j  edu.cmu.ri.createlab.usb.hid.HIDCommand.call()Ljava/lang/Object;+1
j  java.util.concurrent.FutureTask.run()V+42
j  java.util.concurrent.ThreadPoolExecutor.runWorker(Ljava/util/concurrent/ThreadPoolExecutor$Worker;)V+95
j  java.util.concurrent.ThreadPoolExecutor$Worker.run()V+5
j  java.lang.Thread.run()V+11
v  ~StubRoutines::call_stub
V  [jvm.dll+0x1cb0c3]

Java frames: (J=compiled Java code, j=interpreted, Vv=VM code)
j  com.sun.jna.Memory.malloc(J)J+0
j  com.sun.jna.Memory.<init>(J)V+27
j  com.sun.jna.ptr.ByReference.<init>(I)V+11
j  com.sun.jna.ptr.IntByReference.<init>(I)V+2
j  com.sun.jna.ptr.IntByReference.<init>()V+2
j  edu.cmu.ri.createlab.usb.hid.windows.WindowsHIDDevice.write([B)Ledu/cmu/ri/createlab/usb/hid/HIDWriteStatus;+181
j  edu.cmu.ri.createlab.usb.hid.CreateLabHIDCommandStrategy.execute(Ledu/cmu/ri/createlab/usb/hid/HIDDevice;)Ledu/cmu/ri/createlab/usb/hid/HIDCommandResponse;+15
j  edu.cmu.ri.createlab.usb.hid.CreateLabHIDCommandStrategy.execute(Ljava/lang/Object;)Ledu/cmu/ri/createlab/util/commandexecution/CommandResponse;+5
j  edu.cmu.ri.createlab.usb.hid.HIDCommand.call()Ledu/cmu/ri/createlab/usb/hid/HIDCommandResponse;+8
j  edu.cmu.ri.createlab.usb.hid.HIDCommand.call()Ljava/lang/Object;+1
j  java.util.concurrent.FutureTask.run()V+42
j  java.util.concurrent.ThreadPoolExecutor.runWorker(Ljava/util/concurrent/ThreadPoolExecutor$Worker;)V+95
j  java.util.concurrent.ThreadPoolExecutor$Worker.run()V+5
j  java.lang.Thread.run()V+11
v  ~StubRoutines::call_stub

---------------  P R O C E S S  ---------------

Java Threads: ( => current thread )
  0x000000000a74e800 JavaThread "AWT-Shutdown" [_thread_blocked, id=4032, stack(0x000000000e260000,0x000000000e360000)]
  0x000000000a5d4800 JavaThread "Direct Clip" daemon [_thread_blocked, id=5188, stack(0x000000000df40000,0x000000000e040000)]
  0x000000000a5d3800 JavaThread "Java Sound Event Dispatcher" daemon [_thread_blocked, id=624, stack(0x000000000bdc0000,0x000000000bec0000)]
=>0x000000000a5d2000 JavaThread "HIDCommandExecutionQueue.executor pool-5-thread-1" daemon [_thread_in_native, id=1868, stack(0x000000000d2e0000,0x000000000d3e0000)]
  0x000000000a5d1000 JavaThread "FinchController.peerPingScheduler pool-6-thread-1" daemon [_thread_blocked, id=5112, stack(0x000000000d170000,0x000000000d270000)]
  0x000000000a5d0800 JavaThread "BaseCreateLabDeviceConnectivityManager.executorService pool-1-thread-1" daemon [_thread_blocked, id=1508, stack(0x000000000c060000,0x000000000c160000)]
  0x000000000a5cf800 JavaThread "DatasetPlotter.executorService pool-4-thread-1" daemon [_thread_blocked, id=2668, stack(0x000000000b110000,0x000000000b210000)]
  0x000000000a5fa800 JavaThread "DatasetPlotter.executorService pool-3-thread-1" daemon [_thread_blocked, id=3716, stack(0x000000000bec0000,0x000000000bfc0000)]
  0x000000000a5f8800 JavaThread "DatasetPlotter.executorService pool-2-thread-1" daemon [_thread_blocked, id=3900, stack(0x000000000ad30000,0x000000000ae30000)]
  0x000000000a4ad800 JavaThread "main" [_thread_blocked, id=3732, stack(0x000000000b290000,0x000000000b390000)]
  0x0000000002168000 JavaThread "DestroyJavaVM" [_thread_blocked, id=4908, stack(0x0000000002400000,0x0000000002500000)]
  0x000000000a4ae800 JavaThread "BlueJ worker thread" [_thread_blocked, id=2996, stack(0x000000000af70000,0x000000000b070000)]
  0x000000000a41f000 JavaThread "Java2D Disposer" daemon [_thread_blocked, id=5380, stack(0x000000000a190000,0x000000000a290000)]
  0x000000000a3a4800 JavaThread "Service Thread" daemon [_thread_blocked, id=4436, stack(0x000000000a7d0000,0x000000000a8d0000)]
  0x000000000851c800 JavaThread "C2 CompilerThread1" daemon [_thread_blocked, id=4088, stack(0x000000000a900000,0x000000000aa00000)]
  0x000000000a399800 JavaThread "C2 CompilerThread0" daemon [_thread_blocked, id=4048, stack(0x0000000009ef0000,0x0000000009ff0000)]
  0x0000000008516800 JavaThread "JDWP Event Helper Thread" daemon [_thread_blocked, id=4976, stack(0x000000000a020000,0x000000000a120000)]
  0x0000000008502800 JavaThread "Attach Listener" daemon [_thread_blocked, id=2976, stack(0x0000000009c70000,0x0000000009d70000)]
  0x00000000084fb800 JavaThread "Signal Dispatcher" daemon [_thread_blocked, id=4772, stack(0x00000000097c0000,0x00000000098c0000)]
  0x00000000084aa800 JavaThread "Finalizer" daemon [_thread_blocked, id=4980, stack(0x0000000009ab0000,0x0000000009bb0000)]
  0x00000000084a1800 JavaThread "Reference Handler" daemon [_thread_blocked, id=3720, stack(0x00000000098c0000,0x00000000099c0000)]

Other Threads:
  0x000000000849b800 VMThread [stack: 0x0000000009600000,0x0000000009700000] [id=1072]
  0x000000000a3b2800 WatcherThread [stack: 0x000000000ab40000,0x000000000ac40000] [id=5548]

VM state:not at safepoint (normal execution)

VM Mutex/Monitor currently owned by a thread: None

Heap
 PSYoungGen      total 18944K, used 5539K [0x00000000eb500000, 0x00000000eda00000, 0x0000000100000000)
  eden space 16384K, 18% used [0x00000000eb500000,0x00000000eb7e8fb0,0x00000000ec500000)
  from space 2560K, 100% used [0x00000000ec780000,0x00000000eca00000,0x00000000eca00000)
  to   space 2560K, 0% used [0x00000000ec500000,0x00000000ec500000,0x00000000ec780000)
 ParOldGen       total 41984K, used 14289K [0x00000000c2000000, 0x00000000c4900000, 0x00000000eb500000)
  object space 41984K, 34% used [0x00000000c2000000,0x00000000c2df4560,0x00000000c4900000)
 PSPermGen       total 21504K, used 11272K [0x00000000bce00000, 0x00000000be300000, 0x00000000c2000000)
  object space 21504K, 52% used [0x00000000bce00000,0x00000000bd902320,0x00000000be300000)

Card table byte_map: [0x0000000005500000,0x0000000005720000] byte_map_base: 0x0000000004f19000

Polling page: 0x0000000002050000

Code Cache  [0x0000000002500000, 0x0000000002770000, 0x0000000005500000)
 total_blobs=465 nmethods=119 adapters=307 free_code_cache=48395Kb largest_free_block=49538688

Compilation events (10 events):
Event: 144.924 Thread 0x000000000851c800  116   !         java.util.concurrent.ScheduledThreadPoolExecutor$DelayedWorkQueue::take (201 bytes)
Event: 144.934 Thread 0x000000000a399800  117             java.util.concurrent.ScheduledThreadPoolExecutor::now (4 bytes)
Event: 144.934 Thread 0x000000000a399800 nmethod 117 0x00000000025ab710 code [0x00000000025ab840, 0x00000000025ab898]
Event: 144.936 Thread 0x000000000851c800 nmethod 116 0x00000000025bc450 code [0x00000000025bc620, 0x00000000025bce70]
Event: 144.963 Thread 0x000000000a399800  118             java.util.concurrent.ScheduledThreadPoolExecutor$DelayedWorkQueue::setIndex (16 bytes)
Event: 144.963 Thread 0x000000000a399800 nmethod 118 0x00000000025bc190 code [0x00000000025bc2e0, 0x00000000025bc378]
Event: 146.363 Thread 0x000000000851c800  119             java.util.concurrent.locks.ReentrantLock::unlock (10 bytes)
Event: 146.365 Thread 0x000000000851c800 nmethod 119 0x00000000025bdcd0 code [0x00000000025bde20, 0x00000000025bdf48]
Event: 149.233 Thread 0x000000000a399800  120             java.util.concurrent.locks.AbstractQueuedSynchronizer::compareAndSetWaitStatus (13 bytes)
Event: 149.233 Thread 0x000000000a399800 nmethod 120 0x00000000025bdad0 code [0x00000000025bdc00, 0x00000000025bdc58]

GC Heap History (4 events):
Event: 131.127 GC heap before
{Heap before GC invocations=1 (full 0):
 PSYoungGen      total 18944K, used 16195K [0x00000000eb500000, 0x00000000eca00000, 0x0000000100000000)
  eden space 16384K, 98% used [0x00000000eb500000,0x00000000ec4d0c48,0x00000000ec500000)
  from space 2560K, 0% used [0x00000000ec780000,0x00000000ec780000,0x00000000eca00000)
  to   space 2560K, 0% used [0x00000000ec500000,0x00000000ec500000,0x00000000ec780000)
 ParOldGen       total 41984K, used 0K [0x00000000c2000000, 0x00000000c4900000, 0x00000000eb500000)
  object space 41984K, 0% used [0x00000000c2000000,0x00000000c2000000,0x00000000c4900000)
 PSPermGen       total 21504K, used 10144K [0x00000000bce00000, 0x00000000be300000, 0x00000000c2000000)
  object space 21504K, 47% used [0x00000000bce00000,0x00000000bd7e8348,0x00000000be300000)
Event: 131.137 GC heap after
Heap after GC invocations=1 (full 0):
 PSYoungGen      total 18944K, used 2544K [0x00000000eb500000, 0x00000000eca00000, 0x0000000100000000)
  eden space 16384K, 0% used [0x00000000eb500000,0x00000000eb500000,0x00000000ec500000)
  from space 2560K, 99% used [0x00000000ec500000,0x00000000ec77c040,0x00000000ec780000)
  to   space 2560K, 0% used [0x00000000ec780000,0x00000000ec780000,0x00000000eca00000)
 ParOldGen       total 41984K, used 3573K [0x00000000c2000000, 0x00000000c4900000, 0x00000000eb500000)
  object space 41984K, 8% used [0x00000000c2000000,0x00000000c237d410,0x00000000c4900000)
 PSPermGen       total 21504K, used 10144K [0x00000000bce00000, 0x00000000be300000, 0x00000000c2000000)
  object space 21504K, 47% used [0x00000000bce00000,0x00000000bd7e8348,0x00000000be300000)
}
Event: 131.472 GC heap before
{Heap before GC invocations=2 (full 0):
 PSYoungGen      total 18944K, used 18928K [0x00000000eb500000, 0x00000000eca00000, 0x0000000100000000)
  eden space 16384K, 100% used [0x00000000eb500000,0x00000000ec500000,0x00000000ec500000)
  from space 2560K, 99% used [0x00000000ec500000,0x00000000ec77c040,0x00000000ec780000)
  to   space 2560K, 0% used [0x00000000ec780000,0x00000000ec780000,0x00000000eca00000)
 ParOldGen       total 41984K, used 3573K [0x00000000c2000000, 0x00000000c4900000, 0x00000000eb500000)
  object space 41984K, 8% used [0x00000000c2000000,0x00000000c237d410,0x00000000c4900000)
 PSPermGen       total 21504K, used 10761K [0x00000000bce00000, 0x00000000be300000, 0x00000000c2000000)
  object space 21504K, 50% used [0x00000000bce00000,0x00000000bd882478,0x00000000be300000)
Event: 131.494 GC heap after
Heap after GC invocations=2 (full 0):
 PSYoungGen      total 18944K, used 2560K [0x00000000eb500000, 0x00000000eda00000, 0x0000000100000000)
  eden space 16384K, 0% used [0x00000000eb500000,0x00000000eb500000,0x00000000ec500000)
  from space 2560K, 100% used [0x00000000ec780000,0x00000000eca00000,0x00000000eca00000)
  to   space 2560K, 0% used [0x00000000ec500000,0x00000000ec500000,0x00000000ec780000)
 ParOldGen       total 41984K, used 14289K [0x00000000c2000000, 0x00000000c4900000, 0x00000000eb500000)
  object space 41984K, 34% used [0x00000000c2000000,0x00000000c2df4560,0x00000000c4900000)
 PSPermGen       total 21504K, used 10761K [0x00000000bce00000, 0x00000000be300000, 0x00000000c2000000)
  object space 21504K, 50% used [0x00000000bce00000,0x00000000bd882478,0x00000000be300000)
}

Deoptimization events (10 events):
Event: 132.052 Thread 0x000000000a4ad800 Uncommon trap: reason=bimorphic action=maybe_recompile pc=0x00000000025a8444 method=java.io.DataInputStream.readInt()I @ 4
Event: 132.052 Thread 0x000000000a4ad800 Uncommon trap: reason=bimorphic action=maybe_recompile pc=0x00000000025a8444 method=java.io.DataInputStream.readInt()I @ 4
Event: 132.054 Thread 0x000000000a4ad800 Uncommon trap: reason=bimorphic action=maybe_recompile pc=0x00000000025a5298 method=java.util.HashMap.addEntry(ILjava/lang/Object;Ljava/lang/Object;I)V @ 65
Event: 132.055 Thread 0x000000000a4ad800 Uncommon trap: reason=bimorphic action=maybe_recompile pc=0x00000000025a5298 method=java.util.HashMap.addEntry(ILjava/lang/Object;Ljava/lang/Object;I)V @ 65
Event: 132.082 Thread 0x000000000a4ad800 Uncommon trap: reason=bimorphic action=maybe_recompile pc=0x00000000025a5298 method=java.util.HashMap.addEntry(ILjava/lang/Object;Ljava/lang/Object;I)V @ 65
Event: 132.634 Thread 0x000000000a4ad800 Uncommon trap: reason=class_check action=maybe_recompile pc=0x0000000002580c6c method=java.util.ArrayList.indexOf(Ljava/lang/Object;)I @ 51
Event: 133.177 Thread 0x000000000a4ad800 Uncommon trap: reason=class_check action=maybe_recompile pc=0x0000000002580c6c method=java.util.ArrayList.indexOf(Ljava/lang/Object;)I @ 51
Event: 133.721 Thread 0x000000000a4ad800 Uncommon trap: reason=class_check action=maybe_recompile pc=0x0000000002580c6c method=java.util.ArrayList.indexOf(Ljava/lang/Object;)I @ 51
Event: 134.265 Thread 0x000000000a4ad800 Uncommon trap: reason=class_check action=maybe_recompile pc=0x0000000002580c6c method=java.util.ArrayList.indexOf(Ljava/lang/Object;)I @ 51
Event: 155.914 Thread 0x000000000a5d5000 Uncommon trap: reason=bimorphic action=maybe_recompile pc=0x00000000025a5298 method=java.util.HashMap.addEntry(ILjava/lang/Object;Ljava/lang/Object;I)V @ 65

Internal exceptions (10 events):
Event: 132.107 Thread 0x000000000a4ad800 Threw 0x00000000eb5d8b88 at C:\re\jdk7u45\229\hotspot\src\share\vm\prims\jvm.cpp:1244
Event: 132.108 Thread 0x000000000a4ad800 Threw 0x00000000eb5de360 at C:\re\jdk7u45\229\hotspot\src\share\vm\prims\jvm.cpp:1244
Event: 132.108 Thread 0x000000000a4ad800 Threw 0x00000000eb5e0ec0 at C:\re\jdk7u45\229\hotspot\src\share\vm\prims\jvm.cpp:1244
Event: 132.635 Thread 0x000000000a4ad800 Threw 0x00000000eb626a38 at C:\re\jdk7u45\229\hotspot\src\share\vm\prims\jvm.cpp:1244
Event: 132.635 Thread 0x000000000a4ad800 Threw 0x00000000eb62a308 at C:\re\jdk7u45\229\hotspot\src\share\vm\prims\jvm.cpp:1244
Event: 132.635 Thread 0x000000000a4ad800 Threw 0x00000000eb62d370 at C:\re\jdk7u45\229\hotspot\src\share\vm\prims\jvm.cpp:1244
Event: 135.370 Thread 0x000000000a4ad800 Threw 0x00000000eb63eff8 at C:\re\jdk7u45\229\hotspot\src\share\vm\prims\jvm.cpp:1244
Event: 135.371 Thread 0x000000000a4ad800 Threw 0x00000000eb642600 at C:\re\jdk7u45\229\hotspot\src\share\vm\prims\jvm.cpp:1244
Event: 135.371 Thread 0x000000000a4ad800 Threw 0x00000000eb646448 at C:\re\jdk7u45\229\hotspot\src\share\vm\prims\jvm.cpp:1244
Event: 135.372 Thread 0x000000000a4ad800 Threw 0x00000000eb64bf10 at C:\re\jdk7u45\229\hotspot\src\share\vm\prims\jvm.cpp:1244

Events (10 events):
Event: 155.912 Thread 0x000000000a46d000 Thread exited: 0x000000000a46d000
Event: 155.912 Executing VM operation: RevokeBias
Event: 155.912 Executing VM operation: RevokeBias done
Event: 155.912 Thread 0x000000000a5d2800 Thread exited: 0x000000000a5d2800
Event: 155.913 loading class 0x00000000021d84b0
Event: 155.913 loading class 0x00000000021d84b0 done
Event: 155.914 Thread 0x000000000a5d5000 Uncommon trap: trap_request=0xffffffc6 fr.pc=0x00000000025a5298
Event: 155.914 Thread 0x000000000a5d5000 DEOPT PACKING pc=0x00000000025a5298 sp=0x000000000e14f170
Event: 155.914 Thread 0x000000000a5d5000 DEOPT UNPACKING pc=0x0000000002539064 sp=0x000000000e14f138 mode 2
Event: 155.915 Thread 0x000000000a5d5000 Thread exited: 0x000000000a5d5000


Dynamic libraries:
0x000000013f1d0000 - 0x000000013f203000 	C:\Program Files\Java\jdk1.7.0_45\jre\bin\java.exe
0x0000000076ef0000 - 0x0000000077099000 	C:\Windows\SYSTEM32\ntdll.dll
0x0000000076dd0000 - 0x0000000076eef000 	C:\Windows\system32\kernel32.dll
0x000007fefd6b0000 - 0x000007fefd71b000 	C:\Windows\system32\KERNELBASE.dll
0x000007fefdd90000 - 0x000007fefde6b000 	C:\Windows\system32\ADVAPI32.dll
0x000007fefda00000 - 0x000007fefda9f000 	C:\Windows\system32\msvcrt.dll
0x000007fefeed0000 - 0x000007fefeeef000 	C:\Windows\SYSTEM32\sechost.dll
0x000007fefd830000 - 0x000007fefd95d000 	C:\Windows\system32\RPCRT4.dll
0x0000000076b70000 - 0x0000000076c6a000 	C:\Windows\system32\USER32.dll
0x000007fefec50000 - 0x000007fefecb7000 	C:\Windows\system32\GDI32.dll
0x000007feff000000 - 0x000007feff00e000 	C:\Windows\system32\LPK.dll
0x000007feff0b0000 - 0x000007feff179000 	C:\Windows\system32\USP10.dll
0x000007fefbf30000 - 0x000007fefc124000 	C:\Windows\WinSxS\amd64_microsoft.windows.common-controls_6595b64144ccf1df_6.0.7601.17514_none_fa396087175ac9ac\COMCTL32.dll
0x000007fefd720000 - 0x000007fefd791000 	C:\Windows\system32\SHLWAPI.dll
0x000007fefd800000 - 0x000007fefd82e000 	C:\Windows\system32\IMM32.DLL
0x000007fefeef0000 - 0x000007fefeff9000 	C:\Windows\system32\MSCTF.dll
0x000000006f640000 - 0x000000006f712000 	C:\Program Files\Java\jdk1.7.0_45\jre\bin\msvcr100.dll
0x00000000674d0000 - 0x0000000067c99000 	C:\Program Files\Java\jdk1.7.0_45\jre\bin\server\jvm.dll
0x000007fefad10000 - 0x000007fefad19000 	C:\Windows\system32\WSOCK32.dll
0x000007fefde70000 - 0x000007fefdebd000 	C:\Windows\system32\WS2_32.dll
0x000007fefdc80000 - 0x000007fefdc88000 	C:\Windows\system32\NSI.dll
0x000007fefad70000 - 0x000007fefadab000 	C:\Windows\system32\WINMM.dll
0x00000000770c0000 - 0x00000000770c7000 	C:\Windows\system32\PSAPI.DLL
0x00000000709d0000 - 0x00000000709df000 	C:\Program Files\Java\jdk1.7.0_45\jre\bin\verify.dll
0x00000000709a0000 - 0x00000000709c8000 	C:\Program Files\Java\jdk1.7.0_45\jre\bin\java.dll
0x000000006f5c0000 - 0x000000006f5f5000 	C:\Program Files\Java\jdk1.7.0_45\jre\bin\jdwp.dll
0x0000000070190000 - 0x0000000070198000 	C:\Program Files\Java\jdk1.7.0_45\jre\bin\npt.dll
0x0000000070110000 - 0x0000000070125000 	C:\Program Files\Java\jdk1.7.0_45\jre\bin\zip.dll
0x0000000072730000 - 0x000000007273b000 	C:\Program Files\Java\jdk1.7.0_45\jre\bin\dt_shmem.dll
0x00000000682d0000 - 0x0000000068465000 	C:\Program Files\Java\jdk1.7.0_45\jre\bin\awt.dll
0x000007fefdcb0000 - 0x000007fefdd87000 	C:\Windows\system32\OLEAUT32.dll
0x000007fefecc0000 - 0x000007fefeec3000 	C:\Windows\system32\ole32.dll
0x000007fefbed0000 - 0x000007fefbf26000 	C:\Windows\system32\uxtheme.dll
0x000007fefb5c0000 - 0x000007fefb5d8000 	C:\Windows\system32\dwmapi.dll
0x000007fefd240000 - 0x000007fefd24f000 	C:\Windows\system32\CRYPTBASE.dll
0x00000000700f0000 - 0x0000000070109000 	C:\Program Files\Java\jdk1.7.0_45\jre\bin\net.dll
0x000007fefcb80000 - 0x000007fefcbd5000 	C:\Windows\system32\mswsock.dll
0x000007fefcb70000 - 0x000007fefcb77000 	C:\Windows\System32\wship6.dll
0x00000000700b0000 - 0x00000000700c1000 	C:\Program Files\Java\jdk1.7.0_45\jre\bin\nio.dll
0x000007fefdec0000 - 0x000007fefec48000 	C:\Windows\system32\SHELL32.dll
0x000007fefcf20000 - 0x000007fefcf37000 	C:\Windows\system32\CRYPTSP.dll
0x000007fefc830000 - 0x000007fefc877000 	C:\Windows\system32\rsaenh.dll
0x000007fefc680000 - 0x000007fefc69e000 	C:\Windows\system32\USERENV.dll
0x000007fefd350000 - 0x000007fefd35f000 	C:\Windows\system32\profapi.dll
0x000007fefb1d0000 - 0x000007fefb1e5000 	C:\Windows\system32\NLAapi.dll
0x000007fef89b0000 - 0x000007fef89c5000 	C:\Windows\system32\napinsp.dll
0x000007fef89d0000 - 0x000007fef89e9000 	C:\Windows\system32\pnrpnsp.dll
0x000007fefc950000 - 0x000007fefc9ab000 	C:\Windows\system32\DNSAPI.dll
0x000007fef89a0000 - 0x000007fef89ab000 	C:\Windows\System32\winrnr.dll
0x0000000072340000 - 0x0000000072375000 	C:\Program Files\Bonjour\mdnsNSP.dll
0x000007fefab50000 - 0x000007fefab77000 	C:\Windows\system32\Iphlpapi.DLL
0x000007fefab40000 - 0x000007fefab4b000 	C:\Windows\system32\WINNSI.DLL
0x000007fefc570000 - 0x000007fefc577000 	C:\Windows\System32\wshtcpip.dll
0x000007fef9c30000 - 0x000007fef9c38000 	C:\Windows\system32\rasadhlp.dll
0x000007fefaa00000 - 0x000007fefaa53000 	C:\Windows\System32\fwpuclnt.dll
0x000007fefbb10000 - 0x000007fefbb1b000 	C:\Windows\system32\hid.dll
0x000007fefdaa0000 - 0x000007fefdc77000 	C:\Windows\system32\setupapi.dll
0x000007fefd400000 - 0x000007fefd436000 	C:\Windows\system32\CFGMGR32.dll
0x000007fefd480000 - 0x000007fefd49a000 	C:\Windows\system32\DEVOBJ.dll
0x000007fefd440000 - 0x000007fefd47a000 	C:\Windows\system32\WINTRUST.dll
0x000007fefd540000 - 0x000007fefd6ac000 	C:\Windows\system32\CRYPT32.dll
0x000007fefd3f0000 - 0x000007fefd3ff000 	C:\Windows\system32\MSASN1.dll
0x0000000071ea0000 - 0x0000000071eac000 	C:\Program Files\Java\jdk1.7.0_45\jre\bin\jsound.dll
0x0000000071e90000 - 0x0000000071e9b000 	C:\Program Files\Java\jdk1.7.0_45\jre\bin\jsoundds.dll
0x000007fef6d20000 - 0x000007fef6da8000 	C:\Windows\system32\DSOUND.dll
0x000007fefc460000 - 0x000007fefc48c000 	C:\Windows\system32\POWRPROF.dll
0x000007fefbac0000 - 0x000007fefbb0b000 	C:\Windows\system32\MMDevAPI.DLL
0x000007fefb5e0000 - 0x000007fefb70c000 	C:\Windows\system32\PROPSYS.dll
0x000007fef66c0000 - 0x000007fef66fb000 	C:\Windows\system32\wdmaud.drv
0x0000000071e30000 - 0x0000000071e36000 	C:\Windows\system32\ksuser.dll
0x000007fefb710000 - 0x000007fefb719000 	C:\Windows\system32\AVRT.dll
0x000007feed130000 - 0x000007feed17f000 	C:\Windows\system32\AUDIOSES.DLL
0x000007fefaef0000 - 0x000007fefaefa000 	C:\Windows\system32\msacm32.drv
0x000007fefaca0000 - 0x000007fefacb8000 	C:\Windows\system32\MSACM32.dll
0x000007fef8ba0000 - 0x000007fef8ba9000 	C:\Windows\system32\midimap.dll
0x000007feff010000 - 0x000007feff0a9000 	C:\Windows\system32\CLBCatQ.DLL
0x000007fef3b10000 - 0x000007fef3c35000 	C:\Windows\system32\dbghelp.dll

VM Arguments:
jvm_args: -ea -agentlib:jdwp=transport=dt_shmem,address=javadebug 
java_command: bluej.runtime.ExecServer UTF-8
Launcher Type: SUN_STANDARD

Environment Variables:
CLASSPATH=.;C:\Program Files (x86)\QuickTime\QTSystem\QTJava.zip
PATH=C:\Windows\system32;C:\Windows;C:\Windows\System32\Wbem;C:\Windows\System32\WindowsPowerShell\v1.0\;C:\Program Files (x86)\Common Files\Roxio Shared\DLLShared\;C:\Program Files (x86)\Common Files\Roxio Shared\10.0\DLLShared\;C:\Program Files (x86)\QuickTime\QTSystem\;C:\Program Files\Windows Imaging\;C:\Program Files (x86)\Microsoft SQL Server\90\Tools\binn\
USERNAME=awilliams411
OS=Windows_NT
PROCESSOR_IDENTIFIER=Intel64 Family 6 Model 23 Stepping 10, GenuineIntel



---------------  S Y S T E M  ---------------

OS: Windows 7 , 64 bit Build 7601 Service Pack 1

CPU:total 4 (4 cores per cpu, 1 threads per core) family 6 model 23 stepping 10, cmov, cx8, fxsr, mmx, sse, sse2, sse3, ssse3, sse4.1, tsc

Memory: 4k page, physical 4060788k(1500652k free), swap 8119716k(4302612k free)

vm_info: Java HotSpot(TM) 64-Bit Server VM (24.45-b08) for windows-amd64 JRE (1.7.0_45-b18), built on Oct  8 2013 05:47:22 by "java_re" with unknown MS VC++:1600

time: Mon Apr 14 10:32:30 2014
elapsed time: 156 seconds

