#
# A fatal error has been detected by the Java Runtime Environment:
#
#  EXCEPTION_ACCESS_VIOLATION (0xc0000005) at pc=0x000007fefd6b1b54, pid=576, tid=1736
#
# JRE version: Java(TM) SE Runtime Environment (7.0_45-b18) (build 1.7.0_45-b18)
# Java VM: Java HotSpot(TM) 64-Bit Server VM (24.45-b08 mixed mode windows-amd64 compressed oops)
# Problematic frame:
# C  [KERNELBASE.dll+0x1b54]
#
# Failed to write core dump. Minidumps are not enabled by default on client versions of Windows
#
# If you would like to submit a bug report, please visit:
#   http://bugreport.sun.com/bugreport/crash.jsp
# The crash happened outside the Java Virtual Machine in native code.
# See problematic frame for where to report the bug.
#

---------------  T H R E A D  ---------------

Current thread (0x000000000a4f6800):  JavaThread "HIDCommandExecutionQueue.executor pool-5-thread-1" daemon [_thread_in_native, id=1736, stack(0x000000000d430000,0x000000000d530000)]

siginfo: ExceptionCode=0xc0000005, writing address 0x000000000bfd9ac0

Registers:
RAX=0x0000000000000009, RBX=0x000000000bfd9ac0, RCX=0x0000000000000000, RDX=0x0000000000000000
RSP=0x000000000d52ea20, RBP=0x000000000d52eb40, RSI=0x0000000000000508, RDI=0x0000000000000000
R8 =0x000000000d52ea18, R9 =0x000000000d52eb40, R10=0x0000000000000000, R11=0x0000000000000246
R12=0x0000000000000000, R13=0x00000000bd737820, R14=0x000000000d52efc8, R15=0x000000000a4f6800
RIP=0x000007fefd6b1b54, EFLAGS=0x0000000000010246

Top of Stack: (sp=0x000000000d52ea20)
0x000000000d52ea20:   0000000077005430 0000000000000000
0x000000000d52ea30:   0000000000000020 0000000001ea0000
0x000000000d52ea40:   000000000d52ea70 000000000a4b2610
0x000000000d52ea50:   cccccccc00000009 0000000000000000
0x000000000d52ea60:   0000000000000000 cccccccccccccccc
0x000000000d52ea70:   0000000000000000 0000000000000009
0x000000000d52ea80:   000000000d52ec28 0000000076df1fa6
0x000000000d52ea90:   0000000000000008 0000000000000000
0x000000000d52eaa0:   00000000bd73b868 000000000bfd9ac0
0x000000000d52eab0:   0000000000000000 000000000d52eb98
0x000000000d52eac0:   00000000bd737820 00000001800163b3
0x000000000d52ead0:   0000000000000508 000000000a4b2610
0x000000000d52eae0:   0000000000000009 000000000bfd9ac0
0x000000000d52eaf0:   0000000000000000 000000000d52efc8
0x000000000d52eb00:   000000000a578260 0000000000000001
0x000000000d52eb10:   000000000bfd9ac0 000000018001636a 

Instructions: (pc=0x000007fefd6b1b54)
0x000007fefd6b1b34:   ce ff 15 9d 97 04 00 8b c8 3d 03 01 00 00 0f 84
0x000007fefd6b1b44:   eb 7d 02 00 85 c9 0f 88 a2 6b 01 00 8b 44 24 58
0x000007fefd6b1b54:   89 03 b8 01 00 00 00 48 8b 5c 24 78 48 8b b4 24
0x000007fefd6b1b64:   80 00 00 00 48 83 c4 60 5f c3 90 90 90 90 90 90 


Register to memory mapping:

RAX=0x0000000000000009 is an unknown value
RBX=0x000000000bfd9ac0 is an unknown value
RCX=0x0000000000000000 is an unknown value
RDX=0x0000000000000000 is an unknown value
RSP=0x000000000d52ea20 is pointing into the stack for thread: 0x000000000a4f6800
RBP=0x000000000d52eb40 is pointing into the stack for thread: 0x000000000a4f6800
RSI=0x0000000000000508 is an unknown value
RDI=0x0000000000000000 is an unknown value
R8 =0x000000000d52ea18 is pointing into the stack for thread: 0x000000000a4f6800
R9 =0x000000000d52eb40 is pointing into the stack for thread: 0x000000000a4f6800
R10=0x0000000000000000 is an unknown value
R11=0x0000000000000246 is an unknown value
R12=0x0000000000000000 is an unknown value
R13=0x00000000bd737820 is an oop
{method} 
 - klass: {other class}
R14=0x000000000d52efc8 is pointing into the stack for thread: 0x000000000a4f6800
R15=0x000000000a4f6800 is a thread


Stack: [0x000000000d430000,0x000000000d530000],  sp=0x000000000d52ea20,  free space=1018k
Native frames: (J=compiled Java code, j=interpreted, Vv=VM code, C=native code)
C  [KERNELBASE.dll+0x1b54]

Java frames: (J=compiled Java code, j=interpreted, Vv=VM code)
j  com.sun.jna.Function.invokeInt(I[Ljava/lang/Object;)I+0
j  com.sun.jna.Function.invoke([Ljava/lang/Object;Ljava/lang/Class;Z)Ljava/lang/Object;+92
j  com.sun.jna.Function.invoke(Ljava/lang/Class;[Ljava/lang/Object;Ljava/util/Map;)Ljava/lang/Object;+214
j  com.sun.jna.Library$Handler.invoke(Ljava/lang/Object;Ljava/lang/reflect/Method;[Ljava/lang/Object;)Ljava/lang/Object;+341
j  com.sun.proxy.$Proxy2.WriteFile(Lcom/sun/jna/ptr/PointerByReference;[BILcom/sun/jna/ptr/IntByReference;Lcom/sun/jna/ptr/IntByReference;)Z+37
j  edu.cmu.ri.createlab.usb.hid.windows.WindowsHIDDevice.write([B)Ledu/cmu/ri/createlab/usb/hid/HIDWriteStatus;+207
j  edu.cmu.ri.createlab.usb.hid.CreateLabHIDCommandStrategy.execute(Ledu/cmu/ri/createlab/usb/hid/HIDDevice;)Ledu/cmu/ri/createlab/usb/hid/HIDCommandResponse;+15
j  edu.cmu.ri.createlab.usb.hid.CreateLabHIDCommandStrategy.execute(Ljava/lang/Object;)Ledu/cmu/ri/createlab/util/commandexecution/CommandResponse;+5
j  edu.cmu.ri.createlab.usb.hid.HIDCommand.call()Ledu/cmu/ri/createlab/usb/hid/HIDCommandResponse;+8
j  edu.cmu.ri.createlab.usb.hid.HIDCommand.call()Ljava/lang/Object;+1
j  java.util.concurrent.FutureTask.run()V+42
j  java.util.concurrent.ThreadPoolExecutor.runWorker(Ljava/util/concurrent/ThreadPoolExecutor$Worker;)V+95
j  java.util.concurrent.ThreadPoolExecutor$Worker.run()V+5
j  java.lang.Thread.run()V+11
v  ~StubRoutines::call_stub

---------------  P R O C E S S  ---------------

Java Threads: ( => current thread )
  0x000000000a424800 JavaThread "AWT-Shutdown" [_thread_blocked, id=3656, stack(0x0000000009f60000,0x000000000a060000)]
  0x000000000a423800 JavaThread "Thread-0" daemon [_thread_in_native, id=4540, stack(0x000000000f040000,0x000000000f140000)]
  0x000000000a421800 JavaThread "Direct Clip" daemon [_thread_blocked, id=1600, stack(0x000000000e510000,0x000000000e610000)]
  0x000000000a420800 JavaThread "Java Sound Event Dispatcher" daemon [_thread_blocked, id=5268, stack(0x000000000dec0000,0x000000000dfc0000)]
=>0x000000000a4f6800 JavaThread "HIDCommandExecutionQueue.executor pool-5-thread-1" daemon [_thread_in_native, id=1736, stack(0x000000000d430000,0x000000000d530000)]
  0x000000000a56b800 JavaThread "FinchController.peerPingScheduler pool-6-thread-1" daemon [_thread_blocked, id=5892, stack(0x000000000d2b0000,0x000000000d3b0000)]
  0x000000000a4b3800 JavaThread "BaseCreateLabDeviceConnectivityManager.executorService pool-1-thread-1" daemon [_thread_blocked, id=4792, stack(0x000000000af80000,0x000000000b080000)]
  0x000000000a4b1000 JavaThread "DatasetPlotter.executorService pool-4-thread-1" daemon [_thread_blocked, id=1236, stack(0x000000000c2b0000,0x000000000c3b0000)]
  0x000000000a4af000 JavaThread "DatasetPlotter.executorService pool-3-thread-1" daemon [_thread_blocked, id=6140, stack(0x000000000c0c0000,0x000000000c1c0000)]
  0x000000000a4ae800 JavaThread "DatasetPlotter.executorService pool-2-thread-1" daemon [_thread_blocked, id=1304, stack(0x000000000b2e0000,0x000000000b3e0000)]
  0x000000000a214800 JavaThread "main" [_thread_blocked, id=4924, stack(0x000000000aca0000,0x000000000ada0000)]
  0x0000000001d68000 JavaThread "DestroyJavaVM" [_thread_blocked, id=5140, stack(0x0000000002600000,0x0000000002700000)]
  0x000000000a291800 JavaThread "BlueJ worker thread" [_thread_blocked, id=2988, stack(0x000000000b3e0000,0x000000000b4e0000)]
  0x000000000a213800 JavaThread "Java2D Disposer" daemon [_thread_blocked, id=1044, stack(0x0000000009a30000,0x0000000009b30000)]
  0x000000000a18e800 JavaThread "Service Thread" daemon [_thread_blocked, id=3232, stack(0x000000000a5e0000,0x000000000a6e0000)]
  0x00000000087de800 JavaThread "C2 CompilerThread1" daemon [_thread_blocked, id=5504, stack(0x000000000a8d0000,0x000000000a9d0000)]
  0x000000000a189800 JavaThread "C2 CompilerThread0" daemon [_thread_blocked, id=4668, stack(0x000000000a6e0000,0x000000000a7e0000)]
  0x00000000087d4000 JavaThread "JDWP Event Helper Thread" daemon [_thread_blocked, id=3692, stack(0x000000000a080000,0x000000000a180000)]
  0x00000000087bf800 JavaThread "Attach Listener" daemon [_thread_blocked, id=3880, stack(0x0000000009d20000,0x0000000009e20000)]
  0x00000000087b8800 JavaThread "Signal Dispatcher" daemon [_thread_blocked, id=2324, stack(0x0000000009b30000,0x0000000009c30000)]
  0x0000000008767000 JavaThread "Finalizer" daemon [_thread_blocked, id=5948, stack(0x00000000098c0000,0x00000000099c0000)]
  0x000000000875e000 JavaThread "Reference Handler" daemon [_thread_blocked, id=5200, stack(0x0000000009660000,0x0000000009760000)]

Other Threads:
  0x0000000008758000 VMThread [stack: 0x0000000009500000,0x0000000009600000] [id=4288]
  0x000000000a1a4800 WatcherThread [stack: 0x000000000aab0000,0x000000000abb0000] [id=4060]

VM state:not at safepoint (normal execution)

VM Mutex/Monitor currently owned by a thread: None

Heap
 PSYoungGen      total 18944K, used 5017K [0x00000000eb500000, 0x00000000eda00000, 0x0000000100000000)
  eden space 16384K, 15% used [0x00000000eb500000,0x00000000eb76e478,0x00000000ec500000)
  from space 2560K, 98% used [0x00000000ec780000,0x00000000ec9f8020,0x00000000eca00000)
  to   space 2560K, 0% used [0x00000000ec500000,0x00000000ec500000,0x00000000ec780000)
 ParOldGen       total 41984K, used 14251K [0x00000000c2000000, 0x00000000c4900000, 0x00000000eb500000)
  object space 41984K, 33% used [0x00000000c2000000,0x00000000c2deaeb8,0x00000000c4900000)
 PSPermGen       total 21504K, used 11253K [0x00000000bce00000, 0x00000000be300000, 0x00000000c2000000)
  object space 21504K, 52% used [0x00000000bce00000,0x00000000bd8fd510,0x00000000be300000)

Card table byte_map: [0x0000000005700000,0x0000000005920000] byte_map_base: 0x0000000005119000

Polling page: 0x0000000000430000

Code Cache  [0x0000000002700000, 0x0000000002970000, 0x0000000005700000)
 total_blobs=460 nmethods=114 adapters=307 free_code_cache=48412Kb largest_free_block=49543680

Compilation events (10 events):
Event: 25.414 Thread 0x00000000087de800  112             java.util.concurrent.locks.LockSupport::setBlocker (12 bytes)
Event: 25.414 Thread 0x00000000087de800 nmethod 112 0x00000000027b01d0 code [0x00000000027b0300, 0x00000000027b0358]
Event: 25.538 Thread 0x000000000a189800  113             org.apache.log4j.Category::getEffectiveLevel (28 bytes)
Event: 25.539 Thread 0x000000000a189800 nmethod 113 0x00000000027af550 code [0x00000000027af680, 0x00000000027af718]
Event: 26.424 Thread 0x00000000087de800  114             java.util.concurrent.ThreadPoolExecutor::runStateOf (5 bytes)
Event: 26.424 Thread 0x00000000087de800 nmethod 114 0x00000000027a96d0 code [0x00000000027a9800, 0x00000000027a9838]
Event: 26.862 Thread 0x000000000a189800  115             com.sun.jna.Function::invoke (526 bytes)
Event: 26.898 Thread 0x000000000a189800 nmethod 115 0x00000000027bd590 code [0x00000000027bd820, 0x00000000027bf1a0]
Event: 27.046 Thread 0x00000000087de800  116             java.lang.ref.Reference::get (5 bytes)
Event: 27.046 Thread 0x00000000087de800 nmethod 116 0x00000000027af350 code [0x00000000027af480, 0x00000000027af4d8]

GC Heap History (4 events):
Event: 21.398 GC heap before
{Heap before GC invocations=1 (full 0):
 PSYoungGen      total 18944K, used 16186K [0x00000000eb500000, 0x00000000eca00000, 0x0000000100000000)
  eden space 16384K, 98% used [0x00000000eb500000,0x00000000ec4cea20,0x00000000ec500000)
  from space 2560K, 0% used [0x00000000ec780000,0x00000000ec780000,0x00000000eca00000)
  to   space 2560K, 0% used [0x00000000ec500000,0x00000000ec500000,0x00000000ec780000)
 ParOldGen       total 41984K, used 0K [0x00000000c2000000, 0x00000000c4900000, 0x00000000eb500000)
  object space 41984K, 0% used [0x00000000c2000000,0x00000000c2000000,0x00000000c4900000)
 PSPermGen       total 21504K, used 10145K [0x00000000bce00000, 0x00000000be300000, 0x00000000c2000000)
  object space 21504K, 47% used [0x00000000bce00000,0x00000000bd7e84e0,0x00000000be300000)
Event: 21.409 GC heap after
Heap after GC invocations=1 (full 0):
 PSYoungGen      total 18944K, used 2528K [0x00000000eb500000, 0x00000000eca00000, 0x0000000100000000)
  eden space 16384K, 0% used [0x00000000eb500000,0x00000000eb500000,0x00000000ec500000)
  from space 2560K, 98% used [0x00000000ec500000,0x00000000ec778030,0x00000000ec780000)
  to   space 2560K, 0% used [0x00000000ec780000,0x00000000ec780000,0x00000000eca00000)
 ParOldGen       total 41984K, used 3568K [0x00000000c2000000, 0x00000000c4900000, 0x00000000eb500000)
  object space 41984K, 8% used [0x00000000c2000000,0x00000000c237c2f0,0x00000000c4900000)
 PSPermGen       total 21504K, used 10145K [0x00000000bce00000, 0x00000000be300000, 0x00000000c2000000)
  object space 21504K, 47% used [0x00000000bce00000,0x00000000bd7e84e0,0x00000000be300000)
}
Event: 21.723 GC heap before
{Heap before GC invocations=2 (full 0):
 PSYoungGen      total 18944K, used 18912K [0x00000000eb500000, 0x00000000eca00000, 0x0000000100000000)
  eden space 16384K, 100% used [0x00000000eb500000,0x00000000ec500000,0x00000000ec500000)
  from space 2560K, 98% used [0x00000000ec500000,0x00000000ec778030,0x00000000ec780000)
  to   space 2560K, 0% used [0x00000000ec780000,0x00000000ec780000,0x00000000eca00000)
 ParOldGen       total 41984K, used 3568K [0x00000000c2000000, 0x00000000c4900000, 0x00000000eb500000)
  object space 41984K, 8% used [0x00000000c2000000,0x00000000c237c2f0,0x00000000c4900000)
 PSPermGen       total 21504K, used 10757K [0x00000000bce00000, 0x00000000be300000, 0x00000000c2000000)
  object space 21504K, 50% used [0x00000000bce00000,0x00000000bd8814a8,0x00000000be300000)
Event: 21.745 GC heap after
Heap after GC invocations=2 (full 0):
 PSYoungGen      total 18944K, used 2528K [0x00000000eb500000, 0x00000000eda00000, 0x0000000100000000)
  eden space 16384K, 0% used [0x00000000eb500000,0x00000000eb500000,0x00000000ec500000)
  from space 2560K, 98% used [0x00000000ec780000,0x00000000ec9f8020,0x00000000eca00000)
  to   space 2560K, 0% used [0x00000000ec500000,0x00000000ec500000,0x00000000ec780000)
 ParOldGen       total 41984K, used 14251K [0x00000000c2000000, 0x00000000c4900000, 0x00000000eb500000)
  object space 41984K, 33% used [0x00000000c2000000,0x00000000c2deaeb8,0x00000000c4900000)
 PSPermGen       total 21504K, used 10757K [0x00000000bce00000, 0x00000000be300000, 0x00000000c2000000)
  object space 21504K, 50% used [0x00000000bce00000,0x00000000bd8814a8,0x00000000be300000)
}

Deoptimization events (10 events):
Event: 22.159 Thread 0x000000000a214800 Uncommon trap: reason=bimorphic action=maybe_recompile pc=0x000000000279bec8 method=java.io.DataInputStream.readInt()I @ 4
Event: 22.160 Thread 0x000000000a214800 Uncommon trap: reason=bimorphic action=maybe_recompile pc=0x000000000279bec8 method=java.io.DataInputStream.readInt()I @ 4
Event: 22.160 Thread 0x000000000a214800 Uncommon trap: reason=bimorphic action=maybe_recompile pc=0x000000000279bec8 method=java.io.DataInputStream.readInt()I @ 4
Event: 22.160 Thread 0x000000000a214800 Uncommon trap: reason=bimorphic action=maybe_recompile pc=0x000000000279bec8 method=java.io.DataInputStream.readInt()I @ 4
Event: 22.161 Thread 0x000000000a214800 Uncommon trap: reason=bimorphic action=maybe_recompile pc=0x00000000027a5758 method=java.util.HashMap.addEntry(ILjava/lang/Object;Ljava/lang/Object;I)V @ 65
Event: 22.162 Thread 0x000000000a214800 Uncommon trap: reason=bimorphic action=maybe_recompile pc=0x00000000027a5758 method=java.util.HashMap.addEntry(ILjava/lang/Object;Ljava/lang/Object;I)V @ 65
Event: 22.189 Thread 0x000000000a214800 Uncommon trap: reason=bimorphic action=maybe_recompile pc=0x00000000027a5758 method=java.util.HashMap.addEntry(ILjava/lang/Object;Ljava/lang/Object;I)V @ 65
Event: 25.414 Thread 0x000000000a4f6800 Uncommon trap: reason=null_check action=make_not_entrant pc=0x00000000027bb7a4 method=java.lang.Boolean.equals(Ljava/lang/Object;)Z @ 1
Event: 26.902 Thread 0x000000000a4f6800 Uncommon trap: reason=null_check action=make_not_entrant pc=0x00000000027be960 method=com.sun.jna.Function.invoke(Ljava/lang/Class;[Ljava/lang/Object;Ljava/util/Map;)Ljava/lang/Object; @ 152
Event: 27.106 Thread 0x000000000a423000 Uncommon trap: reason=bimorphic action=maybe_recompile pc=0x00000000027a5758 method=java.util.HashMap.addEntry(ILjava/lang/Object;Ljava/lang/Object;I)V @ 65

Internal exceptions (10 events):
Event: 21.747 Thread 0x000000000a509000 Threw 0x00000000eb500de0 at C:\re\jdk7u45\229\hotspot\src\share\vm\prims\jvm.cpp:1244
Event: 22.154 Thread 0x000000000a214800 Threw 0x00000000eb53e7d0 at C:\re\jdk7u45\229\hotspot\src\share\vm\prims\jvm.cpp:1244
Event: 22.206 Thread 0x000000000a214800 Threw 0x00000000eb5a3308 at C:\re\jdk7u45\229\hotspot\src\share\vm\prims\jvm.cpp:1244
Event: 22.206 Thread 0x000000000a214800 Threw 0x00000000eb5a6b30 at C:\re\jdk7u45\229\hotspot\src\share\vm\prims\jvm.cpp:1244
Event: 22.206 Thread 0x000000000a214800 Threw 0x00000000eb5aace0 at C:\re\jdk7u45\229\hotspot\src\share\vm\prims\jvm.cpp:1244
Event: 22.218 Thread 0x000000000a214800 Threw 0x00000000eb5af348 at C:\re\jdk7u45\229\hotspot\src\share\vm\prims\jvm.cpp:1244
Event: 22.220 Thread 0x000000000a214800 Threw 0x00000000eb5b2d10 at C:\re\jdk7u45\229\hotspot\src\share\vm\prims\jvm.cpp:1244
Event: 22.221 Thread 0x000000000a214800 Threw 0x00000000eb5b7590 at C:\re\jdk7u45\229\hotspot\src\share\vm\prims\jvm.cpp:1244
Event: 22.221 Thread 0x000000000a214800 Threw 0x00000000eb5bae60 at C:\re\jdk7u45\229\hotspot\src\share\vm\prims\jvm.cpp:1244
Event: 22.221 Thread 0x000000000a214800 Threw 0x00000000eb5bdf40 at C:\re\jdk7u45\229\hotspot\src\share\vm\prims\jvm.cpp:1244

Events (10 events):
Event: 27.104 Executing VM operation: RevokeBias
Event: 27.104 Executing VM operation: RevokeBias done
Event: 27.104 Thread 0x000000000a509000 Thread exited: 0x000000000a509000
Event: 27.104 loading class 0x0000000001dd44b0
Event: 27.105 loading class 0x0000000001dd44b0 done
Event: 27.105 Thread 0x000000000a215800 Thread exited: 0x000000000a215800
Event: 27.106 Thread 0x000000000a423000 Uncommon trap: trap_request=0xffffffc6 fr.pc=0x00000000027a5758
Event: 27.106 Thread 0x000000000a423000 DEOPT PACKING pc=0x00000000027a5758 sp=0x000000000ef9edf0
Event: 27.106 Thread 0x000000000a423000 DEOPT UNPACKING pc=0x0000000002739064 sp=0x000000000ef9edb8 mode 2
Event: 27.107 Thread 0x000000000a423000 Thread exited: 0x000000000a423000


Dynamic libraries:
0x000000013f1d0000 - 0x000000013f203000 	C:\Program Files\Java\jdk1.7.0_45\jre\bin\java.exe
0x0000000076ef0000 - 0x0000000077099000 	C:\Windows\SYSTEM32\ntdll.dll
0x0000000076dd0000 - 0x0000000076eef000 	C:\Windows\system32\kernel32.dll
0x000007fefd6b0000 - 0x000007fefd71b000 	C:\Windows\system32\KERNELBASE.dll
0x000007fefdd90000 - 0x000007fefde6b000 	C:\Windows\system32\ADVAPI32.dll
0x000007fefda00000 - 0x000007fefda9f000 	C:\Windows\system32\msvcrt.dll
0x000007fefeed0000 - 0x000007fefeeef000 	C:\Windows\SYSTEM32\sechost.dll
0x000007fefd830000 - 0x000007fefd95d000 	C:\Windows\system32\RPCRT4.dll
0x0000000076b70000 - 0x0000000076c6a000 	C:\Windows\system32\USER32.dll
0x000007fefec50000 - 0x000007fefecb7000 	C:\Windows\system32\GDI32.dll
0x000007feff000000 - 0x000007feff00e000 	C:\Windows\system32\LPK.dll
0x000007feff0b0000 - 0x000007feff179000 	C:\Windows\system32\USP10.dll
0x000007fefbf30000 - 0x000007fefc124000 	C:\Windows\WinSxS\amd64_microsoft.windows.common-controls_6595b64144ccf1df_6.0.7601.17514_none_fa396087175ac9ac\COMCTL32.dll
0x000007fefd720000 - 0x000007fefd791000 	C:\Windows\system32\SHLWAPI.dll
0x000007fefd800000 - 0x000007fefd82e000 	C:\Windows\system32\IMM32.DLL
0x000007fefeef0000 - 0x000007fefeff9000 	C:\Windows\system32\MSCTF.dll
0x000000006f640000 - 0x000000006f712000 	C:\Program Files\Java\jdk1.7.0_45\jre\bin\msvcr100.dll
0x00000000674d0000 - 0x0000000067c99000 	C:\Program Files\Java\jdk1.7.0_45\jre\bin\server\jvm.dll
0x000007fefad10000 - 0x000007fefad19000 	C:\Windows\system32\WSOCK32.dll
0x000007fefde70000 - 0x000007fefdebd000 	C:\Windows\system32\WS2_32.dll
0x000007fefdc80000 - 0x000007fefdc88000 	C:\Windows\system32\NSI.dll
0x000007fefad70000 - 0x000007fefadab000 	C:\Windows\system32\WINMM.dll
0x00000000770c0000 - 0x00000000770c7000 	C:\Windows\system32\PSAPI.DLL
0x00000000709d0000 - 0x00000000709df000 	C:\Program Files\Java\jdk1.7.0_45\jre\bin\verify.dll
0x00000000709a0000 - 0x00000000709c8000 	C:\Program Files\Java\jdk1.7.0_45\jre\bin\java.dll
0x000000006f5c0000 - 0x000000006f5f5000 	C:\Program Files\Java\jdk1.7.0_45\jre\bin\jdwp.dll
0x0000000070190000 - 0x0000000070198000 	C:\Program Files\Java\jdk1.7.0_45\jre\bin\npt.dll
0x0000000070110000 - 0x0000000070125000 	C:\Program Files\Java\jdk1.7.0_45\jre\bin\zip.dll
0x0000000072730000 - 0x000000007273b000 	C:\Program Files\Java\jdk1.7.0_45\jre\bin\dt_shmem.dll
0x00000000682d0000 - 0x0000000068465000 	C:\Program Files\Java\jdk1.7.0_45\jre\bin\awt.dll
0x000007fefdcb0000 - 0x000007fefdd87000 	C:\Windows\system32\OLEAUT32.dll
0x000007fefecc0000 - 0x000007fefeec3000 	C:\Windows\system32\ole32.dll
0x000007fefbed0000 - 0x000007fefbf26000 	C:\Windows\system32\uxtheme.dll
0x000007fefb5c0000 - 0x000007fefb5d8000 	C:\Windows\system32\dwmapi.dll
0x000007fefd240000 - 0x000007fefd24f000 	C:\Windows\system32\CRYPTBASE.dll
0x00000000700f0000 - 0x0000000070109000 	C:\Program Files\Java\jdk1.7.0_45\jre\bin\net.dll
0x000007fefcb80000 - 0x000007fefcbd5000 	C:\Windows\system32\mswsock.dll
0x000007fefcb70000 - 0x000007fefcb77000 	C:\Windows\System32\wship6.dll
0x00000000700b0000 - 0x00000000700c1000 	C:\Program Files\Java\jdk1.7.0_45\jre\bin\nio.dll
0x000007fefdec0000 - 0x000007fefec48000 	C:\Windows\system32\SHELL32.dll
0x000007fefcf20000 - 0x000007fefcf37000 	C:\Windows\system32\CRYPTSP.dll
0x000007fefc830000 - 0x000007fefc877000 	C:\Windows\system32\rsaenh.dll
0x000007fefc680000 - 0x000007fefc69e000 	C:\Windows\system32\USERENV.dll
0x000007fefd350000 - 0x000007fefd35f000 	C:\Windows\system32\profapi.dll
0x000007fefb1d0000 - 0x000007fefb1e5000 	C:\Windows\system32\NLAapi.dll
0x000007fef89b0000 - 0x000007fef89c5000 	C:\Windows\system32\napinsp.dll
0x000007fef89d0000 - 0x000007fef89e9000 	C:\Windows\system32\pnrpnsp.dll
0x000007fefc950000 - 0x000007fefc9ab000 	C:\Windows\system32\DNSAPI.dll
0x000007fef89a0000 - 0x000007fef89ab000 	C:\Windows\System32\winrnr.dll
0x0000000072340000 - 0x0000000072375000 	C:\Program Files\Bonjour\mdnsNSP.dll
0x000007fefab50000 - 0x000007fefab77000 	C:\Windows\system32\Iphlpapi.DLL
0x000007fefab40000 - 0x000007fefab4b000 	C:\Windows\system32\WINNSI.DLL
0x000007fefc570000 - 0x000007fefc577000 	C:\Windows\System32\wshtcpip.dll
0x000007fef9c30000 - 0x000007fef9c38000 	C:\Windows\system32\rasadhlp.dll
0x000007fefaa00000 - 0x000007fefaa53000 	C:\Windows\System32\fwpuclnt.dll
0x000007fefbb10000 - 0x000007fefbb1b000 	C:\Windows\system32\hid.dll
0x000007fefdaa0000 - 0x000007fefdc77000 	C:\Windows\system32\setupapi.dll
0x000007fefd400000 - 0x000007fefd436000 	C:\Windows\system32\CFGMGR32.dll
0x000007fefd480000 - 0x000007fefd49a000 	C:\Windows\system32\DEVOBJ.dll
0x000007fefd440000 - 0x000007fefd47a000 	C:\Windows\system32\WINTRUST.dll
0x000007fefd540000 - 0x000007fefd6ac000 	C:\Windows\system32\CRYPT32.dll
0x000007fefd3f0000 - 0x000007fefd3ff000 	C:\Windows\system32\MSASN1.dll
0x0000000071e90000 - 0x0000000071e9c000 	C:\Program Files\Java\jdk1.7.0_45\jre\bin\jsound.dll
0x0000000071ea0000 - 0x0000000071eab000 	C:\Program Files\Java\jdk1.7.0_45\jre\bin\jsoundds.dll
0x000007feef440000 - 0x000007feef4c8000 	C:\Windows\system32\DSOUND.dll
0x000007fefc460000 - 0x000007fefc48c000 	C:\Windows\system32\POWRPROF.dll
0x000007fefbac0000 - 0x000007fefbb0b000 	C:\Windows\system32\MMDevAPI.DLL
0x000007fefb5e0000 - 0x000007fefb70c000 	C:\Windows\system32\PROPSYS.dll
0x000007fef66c0000 - 0x000007fef66fb000 	C:\Windows\system32\wdmaud.drv
0x0000000071e30000 - 0x0000000071e36000 	C:\Windows\system32\ksuser.dll
0x000007fefb710000 - 0x000007fefb719000 	C:\Windows\system32\AVRT.dll
0x000007feed130000 - 0x000007feed17f000 	C:\Windows\system32\AUDIOSES.DLL
0x000007fefac10000 - 0x000007fefac1a000 	C:\Windows\system32\msacm32.drv
0x000007fef6d40000 - 0x000007fef6d58000 	C:\Windows\system32\MSACM32.dll
0x000007fef8ba0000 - 0x000007fef8ba9000 	C:\Windows\system32\midimap.dll
0x000007feff010000 - 0x000007feff0a9000 	C:\Windows\system32\CLBCatQ.DLL
0x000007fef3b10000 - 0x000007fef3c35000 	C:\Windows\system32\dbghelp.dll

VM Arguments:
jvm_args: -ea -agentlib:jdwp=transport=dt_shmem,address=javadebug 
java_command: bluej.runtime.ExecServer UTF-8
Launcher Type: SUN_STANDARD

Environment Variables:
CLASSPATH=.;C:\Program Files (x86)\QuickTime\QTSystem\QTJava.zip
PATH=C:\Windows\system32;C:\Windows;C:\Windows\System32\Wbem;C:\Windows\System32\WindowsPowerShell\v1.0\;C:\Program Files (x86)\Common Files\Roxio Shared\DLLShared\;C:\Program Files (x86)\Common Files\Roxio Shared\10.0\DLLShared\;C:\Program Files (x86)\QuickTime\QTSystem\;C:\Program Files\Windows Imaging\;C:\Program Files (x86)\Microsoft SQL Server\90\Tools\binn\
USERNAME=awilliams411
OS=Windows_NT
PROCESSOR_IDENTIFIER=Intel64 Family 6 Model 23 Stepping 10, GenuineIntel



---------------  S Y S T E M  ---------------

OS: Windows 7 , 64 bit Build 7601 Service Pack 1

CPU:total 4 (4 cores per cpu, 1 threads per core) family 6 model 23 stepping 10, cmov, cx8, fxsr, mmx, sse, sse2, sse3, ssse3, sse4.1, tsc

Memory: 4k page, physical 4060788k(1334788k free), swap 8119716k(4088056k free)

vm_info: Java HotSpot(TM) 64-Bit Server VM (24.45-b08) for windows-amd64 JRE (1.7.0_45-b18), built on Oct  8 2013 05:47:22 by "java_re" with unknown MS VC++:1600

time: Mon Apr 14 11:00:20 2014
elapsed time: 27 seconds

