#
# A fatal error has been detected by the Java Runtime Environment:
#
#  EXCEPTION_ACCESS_VIOLATION (0xc0000005) at pc=0x000007fefdc71a93, pid=3972, tid=5600
#
# JRE version: Java(TM) SE Runtime Environment (7.0_45-b18) (build 1.7.0_45-b18)
# Java VM: Java HotSpot(TM) 64-Bit Server VM (24.45-b08 mixed mode windows-amd64 compressed oops)
# Problematic frame:
# C  [KERNELBASE.dll+0x1a93]
#
# Failed to write core dump. Minidumps are not enabled by default on client versions of Windows
#
# If you would like to submit a bug report, please visit:
#   http://bugreport.sun.com/bugreport/crash.jsp
# The crash happened outside the Java Virtual Machine in native code.
# See problematic frame for where to report the bug.
#

---------------  T H R E A D  ---------------

Current thread (0x0000000009eba000):  JavaThread "HIDCommandExecutionQueue.executor pool-5-thread-1" daemon [_thread_in_native, id=5600, stack(0x000000000d050000,0x000000000d150000)]

siginfo: ExceptionCode=0xc0000005, writing address 0x0000000009afda70

Registers:
RAX=0x0000000000000009, RBX=0x0000000009afda70, RCX=0x0000000000000000, RDX=0x0000000000000000
RSP=0x000000000d14e340, RBP=0x000000000d14e470, RSI=0x0000000000000000, RDI=0x0000000000000000
R8 =0x000000000d14e338, R9 =0x000000000d14e470, R10=0x0000000000000000, R11=0x0000000000000246
R12=0x0000000000000514, R13=0x00000000bd737ce8, R14=0x000000000d14e900, R15=0x0000000009eba000
RIP=0x000007fefdc71a93, EFLAGS=0x0000000000010246

Top of Stack: (sp=0x000000000d14e340)
0x000000000d14e340:   000000000d14e498 000000005901be28
0x000000000d14e350:   00000000776e5430 0000000000000000
0x000000000d14e360:   000000000d14e390 000000000c666850
0x000000000d14e370:   0000000000000009 0000000000000000
0x000000000d14e380:   0000000000000000 cccccccccccccccc
0x000000000d14e390:   0000000000000000 0000000000000009
0x000000000d14e3a0:   000000000c666850 0000000009afda70
0x000000000d14e3b0:   0000000000000000 00000000774c0a19
0x000000000d14e3c0:   0000000000000008 0000000000000514
0x000000000d14e3d0:   000000000d14e558 0000000009afda70
0x000000000d14e3e0:   0000000000000000 000000000d14e4c8
0x000000000d14e3f0:   0000000000000000 00000001800163b3
0x000000000d14e400:   0000000000000514 00000000bd737ce8
0x000000000d14e410:   00000000bd73bd30 000000000d14e558
0x000000000d14e420:   0000000000000000 000000000d14e900
0x000000000d14e430:   000000000a14ad90 0000000000000001 

Instructions: (pc=0x000007fefdc71a93)
0x000007fefdc71a73:   cc ff 15 56 98 04 00 8b c8 3d 03 01 00 00 0f 84
0x000007fefdc71a83:   5a 7f 02 00 85 c9 0f 88 28 3c 00 00 8b 44 24 58
0x000007fefdc71a93:   89 03 b8 01 00 00 00 48 8b 9c 24 88 00 00 00 48
0x000007fefdc71aa3:   83 c4 60 41 5c 5f 5e c3 90 90 90 90 90 90 90 90 


Register to memory mapping:

RAX=0x0000000000000009 is an unknown value
RBX=0x0000000009afda70 is an unknown value
RCX=0x0000000000000000 is an unknown value
RDX=0x0000000000000000 is an unknown value
RSP=0x000000000d14e340 is pointing into the stack for thread: 0x0000000009eba000
RBP=0x000000000d14e470 is pointing into the stack for thread: 0x0000000009eba000
RSI=0x0000000000000000 is an unknown value
RDI=0x0000000000000000 is an unknown value
R8 =0x000000000d14e338 is pointing into the stack for thread: 0x0000000009eba000
R9 =0x000000000d14e470 is pointing into the stack for thread: 0x0000000009eba000
R10=0x0000000000000000 is an unknown value
R11=0x0000000000000246 is an unknown value
R12=0x0000000000000514 is an unknown value
R13=0x00000000bd737ce8 is an oop
{method} 
 - klass: {other class}
R14=0x000000000d14e900 is pointing into the stack for thread: 0x0000000009eba000
R15=0x0000000009eba000 is a thread


Stack: [0x000000000d050000,0x000000000d150000],  sp=0x000000000d14e340,  free space=1016k
Native frames: (J=compiled Java code, j=interpreted, Vv=VM code, C=native code)
C  [KERNELBASE.dll+0x1a93]

Java frames: (J=compiled Java code, j=interpreted, Vv=VM code)
j  com.sun.jna.Function.invokeInt(I[Ljava/lang/Object;)I+0
j  com.sun.jna.Function.invoke([Ljava/lang/Object;Ljava/lang/Class;Z)Ljava/lang/Object;+92
j  com.sun.jna.Function.invoke(Ljava/lang/Class;[Ljava/lang/Object;Ljava/util/Map;)Ljava/lang/Object;+214
j  com.sun.jna.Library$Handler.invoke(Ljava/lang/Object;Ljava/lang/reflect/Method;[Ljava/lang/Object;)Ljava/lang/Object;+341
j  com.sun.proxy.$Proxy2.ReadFile(Lcom/sun/jna/ptr/PointerByReference;[BILcom/sun/jna/ptr/IntByReference;Lcom/sun/jna/ptr/IntByReference;)Z+37
j  edu.cmu.ri.createlab.usb.hid.windows.WindowsHIDDevice.read()[B+69
j  edu.cmu.ri.createlab.usb.hid.CreateLabHIDCommandStrategy.execute(Ledu/cmu/ri/createlab/usb/hid/HIDDevice;)Ledu/cmu/ri/createlab/usb/hid/HIDCommandResponse;+138
j  edu.cmu.ri.createlab.usb.hid.CreateLabHIDCommandStrategy.execute(Ljava/lang/Object;)Ledu/cmu/ri/createlab/util/commandexecution/CommandResponse;+5
j  edu.cmu.ri.createlab.usb.hid.HIDCommand.call()Ledu/cmu/ri/createlab/usb/hid/HIDCommandResponse;+8
j  edu.cmu.ri.createlab.usb.hid.HIDCommand.call()Ljava/lang/Object;+1
j  java.util.concurrent.FutureTask.run()V+42
j  java.util.concurrent.ThreadPoolExecutor.runWorker(Ljava/util/concurrent/ThreadPoolExecutor$Worker;)V+95
j  java.util.concurrent.ThreadPoolExecutor$Worker.run()V+5
j  java.lang.Thread.run()V+11
v  ~StubRoutines::call_stub

---------------  P R O C E S S  ---------------

Java Threads: ( => current thread )
  0x0000000009ebc000 JavaThread "AWT-Shutdown" [_thread_blocked, id=5156, stack(0x000000000d2c0000,0x000000000d3c0000)]
  0x0000000009eba800 JavaThread "Thread-0" daemon [_thread_in_native, id=2800, stack(0x000000000d190000,0x000000000d290000)]
=>0x0000000009eba000 JavaThread "HIDCommandExecutionQueue.executor pool-5-thread-1" daemon [_thread_in_native, id=5600, stack(0x000000000d050000,0x000000000d150000)]
  0x0000000009eb9000 JavaThread "FinchController.peerPingScheduler pool-6-thread-1" daemon [_thread_blocked, id=3952, stack(0x000000000cd90000,0x000000000ce90000)]
  0x0000000009eb8800 JavaThread "BaseCreateLabDeviceConnectivityManager.executorService pool-1-thread-1" daemon [_thread_blocked, id=3784, stack(0x000000000bf70000,0x000000000c070000)]
  0x0000000009eb7800 JavaThread "DatasetPlotter.executorService pool-4-thread-1" daemon [_thread_blocked, id=2152, stack(0x000000000bae0000,0x000000000bbe0000)]
  0x0000000009eb6800 JavaThread "DatasetPlotter.executorService pool-3-thread-1" daemon [_thread_blocked, id=5748, stack(0x000000000bd80000,0x000000000be80000)]
  0x0000000009eb4800 JavaThread "DatasetPlotter.executorService pool-2-thread-1" daemon [_thread_blocked, id=4772, stack(0x000000000bc10000,0x000000000bd10000)]
  0x0000000009eb3000 JavaThread "main" [_thread_blocked, id=5440, stack(0x000000000ab70000,0x000000000ac70000)]
  0x0000000009eb6000 JavaThread "DestroyJavaVM" [_thread_blocked, id=5884, stack(0x0000000001ef0000,0x0000000001ff0000)]
  0x0000000009eb5000 JavaThread "BlueJ worker thread" [_thread_blocked, id=440, stack(0x000000000b130000,0x000000000b230000)]
  0x0000000009eb2000 JavaThread "Java2D Disposer" daemon [_thread_blocked, id=4452, stack(0x000000000a7a0000,0x000000000a8a0000)]
  0x0000000009ddf000 JavaThread "Service Thread" daemon [_thread_blocked, id=4788, stack(0x000000000a5b0000,0x000000000a6b0000)]
  0x000000000812b000 JavaThread "C2 CompilerThread1" daemon [_thread_blocked, id=5912, stack(0x000000000a2c0000,0x000000000a3c0000)]
  0x0000000009dd9800 JavaThread "C2 CompilerThread0" daemon [_thread_blocked, id=3524, stack(0x000000000a3c0000,0x000000000a4c0000)]
  0x0000000008124000 JavaThread "JDWP Event Helper Thread" daemon [_thread_blocked, id=5640, stack(0x0000000009cd0000,0x0000000009dd0000)]
  0x000000000810f800 JavaThread "Attach Listener" daemon [_thread_blocked, id=5140, stack(0x0000000009820000,0x0000000009920000)]
  0x0000000008108800 JavaThread "Signal Dispatcher" daemon [_thread_blocked, id=5644, stack(0x0000000009630000,0x0000000009730000)]
  0x00000000080b5000 JavaThread "Finalizer" daemon [_thread_blocked, id=3432, stack(0x0000000009340000,0x0000000009440000)]
  0x00000000080ac000 JavaThread "Reference Handler" daemon [_thread_blocked, id=3172, stack(0x00000000094c0000,0x00000000095c0000)]

Other Threads:
  0x00000000080a8000 VMThread [stack: 0x00000000091d0000,0x00000000092d0000] [id=5624]
  0x0000000009df5000 WatcherThread [stack: 0x000000000a8a0000,0x000000000a9a0000] [id=1172]

VM state:not at safepoint (normal execution)

VM Mutex/Monitor currently owned by a thread: None

Heap
 PSYoungGen      total 18944K, used 12175K [0x00000000eb500000, 0x00000000eca00000, 0x0000000100000000)
  eden space 16384K, 74% used [0x00000000eb500000,0x00000000ec0e3df0,0x00000000ec500000)
  from space 2560K, 0% used [0x00000000ec780000,0x00000000ec780000,0x00000000eca00000)
  to   space 2560K, 0% used [0x00000000ec500000,0x00000000ec500000,0x00000000ec780000)
 ParOldGen       total 41984K, used 0K [0x00000000c2000000, 0x00000000c4900000, 0x00000000eb500000)
  object space 41984K, 0% used [0x00000000c2000000,0x00000000c2000000,0x00000000c4900000)
 PSPermGen       total 21504K, used 9786K [0x00000000bce00000, 0x00000000be300000, 0x00000000c2000000)
  object space 21504K, 45% used [0x00000000bce00000,0x00000000bd78ebd8,0x00000000be300000)

Card table byte_map: [0x00000000051d0000,0x00000000053f0000] byte_map_base: 0x0000000004be9000

Polling page: 0x0000000000230000

Code Cache  [0x0000000002110000, 0x0000000002380000, 0x0000000005110000)
 total_blobs=370 nmethods=45 adapters=286 free_code_cache=48609Kb largest_free_block=49740352

Compilation events (10 events):
Event: 22.566 Thread 0x0000000009dd9800   40             java.util.HashMap::get (29 bytes)
Event: 22.569 Thread 0x0000000009dd9800 nmethod 40 0x000000000218cb50 code [0x000000000218ccc0, 0x000000000218cf08]
Event: 22.586 Thread 0x000000000812b000   41             java.util.concurrent.locks.AbstractQueuedSynchronizer::compareAndSetState (13 bytes)
Event: 22.586 Thread 0x000000000812b000 nmethod 41 0x000000000218c950 code [0x000000000218ca80, 0x000000000218cad8]
Event: 22.644 Thread 0x0000000009dd9800   42             java.util.concurrent.locks.AbstractQueuedSynchronizer::release (33 bytes)
Event: 22.648 Thread 0x0000000009dd9800 nmethod 42 0x000000000218c450 code [0x000000000218c5a0, 0x000000000218c788]
Event: 23.793 Thread 0x000000000812b000   45             java.util.concurrent.locks.LockSupport::setBlocker (12 bytes)
Event: 23.794 Thread 0x000000000812b000 nmethod 45 0x0000000002193fd0 code [0x0000000002194100, 0x0000000002194158]
Event: 23.798 Thread 0x0000000009dd9800   46             com.sun.jna.Function::invoke (526 bytes)
Event: 23.834 Thread 0x0000000009dd9800 nmethod 46 0x000000000219d4d0 code [0x000000000219d760, 0x000000000219f140]

GC Heap History (0 events):
No events

Deoptimization events (5 events):
Event: 17.426 Thread 0x0000000009eb8800 Uncommon trap: reason=class_check action=maybe_recompile pc=0x0000000002184274 method=java.lang.String.equals(Ljava/lang/Object;)Z @ 8
Event: 17.426 Thread 0x0000000009eb8800 Uncommon trap: reason=class_check action=maybe_recompile pc=0x0000000002184274 method=java.lang.String.equals(Ljava/lang/Object;)Z @ 8
Event: 17.426 Thread 0x0000000009eb8800 Uncommon trap: reason=class_check action=maybe_recompile pc=0x0000000002184274 method=java.lang.String.equals(Ljava/lang/Object;)Z @ 8
Event: 22.350 Thread 0x0000000009eba000 Uncommon trap: reason=null_check action=make_not_entrant pc=0x00000000021985ac method=java.lang.Boolean.equals(Ljava/lang/Object;)Z @ 1
Event: 23.834 Thread 0x0000000009eba000 Uncommon trap: reason=null_check action=make_not_entrant pc=0x000000000219e8a8 method=com.sun.jna.Function.invoke(Ljava/lang/Class;[Ljava/lang/Object;Ljava/util/Map;)Ljava/lang/Object; @ 152

Internal exceptions (10 events):
Event: 17.492 Thread 0x0000000009eb3000 Threw 0x00000000ebe5b240 at C:\re\jdk7u45\229\hotspot\src\share\vm\prims\jvm.cpp:1244
Event: 17.498 Thread 0x0000000009eb3000 Threw 0x00000000ebe5f1c0 at C:\re\jdk7u45\229\hotspot\src\share\vm\prims\jvm.cpp:1244
Event: 17.498 Thread 0x0000000009eb3000 Threw 0x00000000ebe62bd8 at C:\re\jdk7u45\229\hotspot\src\share\vm\prims\jvm.cpp:1244
Event: 17.499 Thread 0x0000000009eb3000 Threw 0x00000000ebe69430 at C:\re\jdk7u45\229\hotspot\src\share\vm\prims\jvm.cpp:1244
Event: 17.499 Thread 0x0000000009eb3000 Threw 0x00000000ebe6bdc8 at C:\re\jdk7u45\229\hotspot\src\share\vm\prims\jvm.cpp:1244
Event: 17.500 Thread 0x0000000009eb3000 Threw 0x00000000ebe70e30 at C:\re\jdk7u45\229\hotspot\src\share\vm\prims\jvm.cpp:1244
Event: 19.050 Thread 0x0000000009eb3000 Threw 0x00000000ebe76b38 at C:\re\jdk7u45\229\hotspot\src\share\vm\prims\jvm.cpp:1244
Event: 19.050 Thread 0x0000000009eb3000 Threw 0x00000000ebe7a248 at C:\re\jdk7u45\229\hotspot\src\share\vm\prims\jvm.cpp:1244
Event: 19.051 Thread 0x0000000009eb3000 Threw 0x00000000ebe7e578 at C:\re\jdk7u45\229\hotspot\src\share\vm\prims\jvm.cpp:1244
Event: 19.052 Thread 0x0000000009eb3000 Threw 0x00000000ebe84148 at C:\re\jdk7u45\229\hotspot\src\share\vm\prims\jvm.cpp:1244

Events (10 events):
Event: 24.917 loading class 0x0000000009dff4e0
Event: 24.917 loading class 0x0000000009dff4e0 done
Event: 24.917 Thread 0x0000000009eba800 Thread added: 0x0000000009eba800
Event: 24.918 Thread 0x0000000009ebb800 Thread added: 0x0000000009ebb800
Event: 24.918 Thread 0x0000000008116000 Thread exited: 0x0000000008116000
Event: 24.919 Thread 0x0000000009ebc000 Thread added: 0x0000000009ebc000
Event: 24.919 loading class 0x0000000001e343c0
Event: 24.920 loading class 0x0000000001e343c0 done
Event: 24.920 Thread 0x0000000009eb3800 Thread exited: 0x0000000009eb3800
Event: 24.922 Thread 0x0000000009ebb800 Thread exited: 0x0000000009ebb800


Dynamic libraries:
0x000000013f8b0000 - 0x000000013f8e3000 	C:\Program Files\Java\jdk1.7.0_45\jre\bin\java.exe
0x00000000775d0000 - 0x0000000077779000 	C:\Windows\SYSTEM32\ntdll.dll
0x00000000774b0000 - 0x00000000775cf000 	C:\Windows\system32\kernel32.dll
0x000007fefdc70000 - 0x000007fefdcdb000 	C:\Windows\system32\KERNELBASE.dll
0x000007fefe140000 - 0x000007fefe21b000 	C:\Windows\system32\ADVAPI32.dll
0x000007fefdea0000 - 0x000007fefdf3f000 	C:\Windows\system32\msvcrt.dll
0x000007fefe220000 - 0x000007fefe23f000 	C:\Windows\SYSTEM32\sechost.dll
0x000007feff5a0000 - 0x000007feff6cd000 	C:\Windows\system32\RPCRT4.dll
0x0000000077260000 - 0x000000007735a000 	C:\Windows\system32\USER32.dll
0x000007fefe320000 - 0x000007fefe387000 	C:\Windows\system32\GDI32.dll
0x000007feff490000 - 0x000007feff49e000 	C:\Windows\system32\LPK.dll
0x000007fefdf40000 - 0x000007fefe009000 	C:\Windows\system32\USP10.dll
0x000007fefbc50000 - 0x000007fefbe44000 	C:\Windows\WinSxS\amd64_microsoft.windows.common-controls_6595b64144ccf1df_6.0.7601.17514_none_fa396087175ac9ac\COMCTL32.dll
0x000007fefe090000 - 0x000007fefe101000 	C:\Windows\system32\SHLWAPI.dll
0x000007fefe110000 - 0x000007fefe13e000 	C:\Windows\system32\IMM32.DLL
0x000007fefe390000 - 0x000007fefe499000 	C:\Windows\system32\MSCTF.dll
0x000000005ba10000 - 0x000000005bae2000 	C:\Program Files\Java\jdk1.7.0_45\jre\bin\msvcr100.dll
0x0000000058ab0000 - 0x0000000059279000 	C:\Program Files\Java\jdk1.7.0_45\jre\bin\server\jvm.dll
0x000007fefc6f0000 - 0x000007fefc6f9000 	C:\Windows\system32\WSOCK32.dll
0x000007fefe010000 - 0x000007fefe05d000 	C:\Windows\system32\WS2_32.dll
0x000007fefe080000 - 0x000007fefe088000 	C:\Windows\system32\NSI.dll
0x000007fefb890000 - 0x000007fefb8cb000 	C:\Windows\system32\WINMM.dll
0x0000000077790000 - 0x0000000077797000 	C:\Windows\system32\PSAPI.DLL
0x000000006f6f0000 - 0x000000006f6ff000 	C:\Program Files\Java\jdk1.7.0_45\jre\bin\verify.dll
0x000000005b9e0000 - 0x000000005ba08000 	C:\Program Files\Java\jdk1.7.0_45\jre\bin\java.dll
0x000000006dc60000 - 0x000000006dc95000 	C:\Program Files\Java\jdk1.7.0_45\jre\bin\jdwp.dll
0x000000006f0b0000 - 0x000000006f0b8000 	C:\Program Files\Java\jdk1.7.0_45\jre\bin\npt.dll
0x000000005bd50000 - 0x000000005bd65000 	C:\Program Files\Java\jdk1.7.0_45\jre\bin\zip.dll
0x000000006f150000 - 0x000000006f15b000 	C:\Program Files\Java\jdk1.7.0_45\jre\bin\dt_shmem.dll
0x000000005a840000 - 0x000000005a9d5000 	C:\Program Files\Java\jdk1.7.0_45\jre\bin\awt.dll
0x000007fefe240000 - 0x000007fefe317000 	C:\Windows\system32\OLEAUT32.dll
0x000007feff6d0000 - 0x000007feff8d3000 	C:\Windows\system32\ole32.dll
0x000007fefbbf0000 - 0x000007fefbc46000 	C:\Windows\system32\uxtheme.dll
0x000007fefb790000 - 0x000007fefb7a8000 	C:\Windows\system32\dwmapi.dll
0x000007fefd960000 - 0x000007fefd96f000 	C:\Windows\system32\CRYPTBASE.dll
0x000000005b9c0000 - 0x000000005b9d9000 	C:\Program Files\Java\jdk1.7.0_45\jre\bin\net.dll
0x000007fefd220000 - 0x000007fefd275000 	C:\Windows\system32\mswsock.dll
0x000007fefd4a0000 - 0x000007fefd4a7000 	C:\Windows\System32\wship6.dll
0x000000005b9a0000 - 0x000000005b9b1000 	C:\Program Files\Java\jdk1.7.0_45\jre\bin\nio.dll
0x000007fefe4a0000 - 0x000007feff228000 	C:\Windows\system32\SHELL32.dll
0x000007fefd4b0000 - 0x000007fefd4c7000 	C:\Windows\system32\CRYPTSP.dll
0x000007fefcf90000 - 0x000007fefcfd7000 	C:\Windows\system32\rsaenh.dll
0x000007fefcde0000 - 0x000007fefcdfe000 	C:\Windows\system32\USERENV.dll
0x000007fefda30000 - 0x000007fefda3f000 	C:\Windows\system32\profapi.dll
0x000007fefc0a0000 - 0x000007fefc0b5000 	C:\Windows\system32\NLAapi.dll
0x000007fef89e0000 - 0x000007fef89f5000 	C:\Windows\system32\napinsp.dll
0x000007fef8a00000 - 0x000007fef8a19000 	C:\Windows\system32\pnrpnsp.dll
0x000007fefd0b0000 - 0x000007fefd10b000 	C:\Windows\system32\DNSAPI.dll
0x000007fef89d0000 - 0x000007fef89db000 	C:\Windows\System32\winrnr.dll
0x00000000726b0000 - 0x00000000726e5000 	C:\Program Files\Bonjour\mdnsNSP.dll
0x000007fefa9b0000 - 0x000007fefa9d7000 	C:\Windows\system32\Iphlpapi.DLL
0x000007fefa990000 - 0x000007fefa99b000 	C:\Windows\system32\WINNSI.DLL
0x000007fefcc50000 - 0x000007fefcc57000 	C:\Windows\System32\wshtcpip.dll
0x000007fef9500000 - 0x000007fef9508000 	C:\Windows\system32\rasadhlp.dll
0x000007fefa840000 - 0x000007fefa893000 	C:\Windows\System32\fwpuclnt.dll
0x000007fefb5f0000 - 0x000007fefb5fb000 	C:\Windows\system32\hid.dll
0x000007feff2b0000 - 0x000007feff487000 	C:\Windows\system32\setupapi.dll
0x000007fefdce0000 - 0x000007fefdd16000 	C:\Windows\system32\CFGMGR32.dll
0x000007fefdae0000 - 0x000007fefdafa000 	C:\Windows\system32\DEVOBJ.dll
0x000007fefdd20000 - 0x000007fefdd5a000 	C:\Windows\system32\WINTRUST.dll
0x000007fefdb00000 - 0x000007fefdc6c000 	C:\Windows\system32\CRYPT32.dll
0x000007fefdad0000 - 0x000007fefdadf000 	C:\Windows\system32\MSASN1.dll
0x000007fefb600000 - 0x000007fefb725000 	C:\Windows\system32\dbghelp.dll

VM Arguments:
jvm_args: -ea -agentlib:jdwp=transport=dt_shmem,address=javadebug 
java_command: bluej.runtime.ExecServer UTF-8
Launcher Type: SUN_STANDARD

Environment Variables:
CLASSPATH=.;C:\Program Files (x86)\QuickTime\QTSystem\QTJava.zip
PATH=C:\Windows\system32;C:\Windows;C:\Windows\System32\Wbem;C:\Windows\System32\WindowsPowerShell\v1.0\;C:\Program Files (x86)\Common Files\Roxio Shared\DLLShared\;C:\Program Files (x86)\Common Files\Roxio Shared\10.0\DLLShared\;C:\Program Files (x86)\QuickTime\QTSystem\;C:\Program Files\Windows Imaging\;C:\Program Files (x86)\Microsoft SQL Server\90\Tools\binn\
USERNAME=dmurphy313
OS=Windows_NT
PROCESSOR_IDENTIFIER=Intel64 Family 6 Model 23 Stepping 10, GenuineIntel



---------------  S Y S T E M  ---------------

OS: Windows 7 , 64 bit Build 7601 Service Pack 1

CPU:total 4 (4 cores per cpu, 1 threads per core) family 6 model 23 stepping 10, cmov, cx8, fxsr, mmx, sse, sse2, sse3, ssse3, sse4.1, tsc

Memory: 4k page, physical 4060788k(1429824k free), swap 8119716k(4633104k free)

vm_info: Java HotSpot(TM) 64-Bit Server VM (24.45-b08) for windows-amd64 JRE (1.7.0_45-b18), built on Oct  8 2013 05:47:22 by "java_re" with unknown MS VC++:1600

time: Fri Apr 11 11:58:46 2014
elapsed time: 24 seconds

