#
# A fatal error has been detected by the Java Runtime Environment:
#
#  EXCEPTION_ACCESS_VIOLATION (0xc0000005) at pc=0x0000000180003ae0, pid=5804, tid=5248
#
# JRE version: Java(TM) SE Runtime Environment (7.0_45-b18) (build 1.7.0_45-b18)
# Java VM: Java HotSpot(TM) 64-Bit Server VM (24.45-b08 mixed mode windows-amd64 compressed oops)
# Problematic frame:
# C  0x0000000180003ae0
#
# Failed to write core dump. Minidumps are not enabled by default on client versions of Windows
#
# If you would like to submit a bug report, please visit:
#   http://bugreport.sun.com/bugreport/crash.jsp
# The crash happened outside the Java Virtual Machine in native code.
# See problematic frame for where to report the bug.
#

---------------  T H R E A D  ---------------

Current thread (0x000000000a0be000):  JavaThread "HIDCommandExecutionQueue.executor pool-5-thread-1" daemon [_thread_in_native, id=5248, stack(0x000000000b7a0000,0x000000000b8a0000)]

siginfo: ExceptionCode=0xc0000005, ExceptionInformation=0x0000000000000008 0x0000000180003ae0

Registers:
RAX=0x0000000180003ae0, RBX=0x00000000bd65f0e8, RCX=0x000000000a0be1e8, RDX=0x000000000b89ed70
RSP=0x000000000b89ece8, RBP=0x000000000b89ed60, RSI=0x00000000bd669158, RDI=0x00000000023a6373
R8 =0x0000000000000004, R9 =0x0000000000000000, R10=0x00000000023b937d, R11=0x000000006573f900
R12=0x0000000000000000, R13=0x00000000bd65f0e8, R14=0x000000000b89ed88, R15=0x000000000a0be000
RIP=0x0000000180003ae0, EFLAGS=0x0000000000010202

Top of Stack: (sp=0x000000000b89ece8)
0x000000000b89ece8:   00000000023b93a9 00000000bce2d730
0x000000000b89ecf8:   000000000b89ed38 00000000eb669940
0x000000000b89ed08:   000000000240e338 00000000bce2d740
0x000000000b89ed18:   0000000000000000 000000000b89ed20
0x000000000b89ed28:   0000000000000000 000000000b89ed88
0x000000000b89ed38:   00000000bd742308 0000000000000000
0x000000000b89ed48:   00000000bd65f0e8 0000000000000000
0x000000000b89ed58:   000000000b89ed80 000000000b89edd8
0x000000000b89ed68:   00000000023a62b5 00000000c257a9d8
0x000000000b89ed78:   00000000023b3a57 0000000000000004
0x000000000b89ed88:   0000000000000004 00000000eb669940
0x000000000b89ed98:   000000000b89ed98 00000000bd65c223
0x000000000b89eda8:   000000000b89edf8 00000000bd742308
0x000000000b89edb8:   0000000000000000 00000000bd65c280
0x000000000b89edc8:   000000000b89ed80 000000000b89ede8
0x000000000b89edd8:   000000000b89ee50 00000000023a6198 

Instructions: (pc=0x0000000180003ae0)
0x0000000180003ac0:   
[error occurred during error reporting (printing registers, top of stack, instructions near pc), id 0xc0000005]

Register to memory mapping:

RAX=0x0000000180003ae0 is an unknown value
RBX=0x00000000bd65f0e8 is an oop
{method} 
 - klass: {other class}
RCX=0x000000000a0be1e8 is an unknown value
RDX=0x000000000b89ed70 is pointing into the stack for thread: 0x000000000a0be000
RSP=0x000000000b89ece8 is pointing into the stack for thread: 0x000000000a0be000
RBP=0x000000000b89ed60 is pointing into the stack for thread: 0x000000000a0be000
RSI=0x00000000bd669158 is an oop
{instance class} 
 - klass: {other class}
RDI=0x00000000023a6373 is at code_begin+2995 in an Interpreter codelet
return entry points  [0x00000000023a57c0, 0x00000000023a75c0]  7680 bytes
R8 =0x0000000000000004 is an unknown value
R9 =0x0000000000000000 is an unknown value
R10=0x00000000023b937d is at code_begin+1277 in an Interpreter codelet
method entry point (kind = native)  [0x00000000023b8e80, 0x00000000023b9d40]  3776 bytes
R11=0x000000006573f900 is an unknown value
R12=0x0000000000000000 is an unknown value
R13=0x00000000bd65f0e8 is an oop
{method} 
 - klass: {other class}
R14=0x000000000b89ed88 is pointing into the stack for thread: 0x000000000a0be000
R15=0x000000000a0be000 is a thread


Stack: [0x000000000b7a0000,0x000000000b8a0000],  sp=0x000000000b89ece8,  free space=1019k
Native frames: (J=compiled Java code, j=interpreted, Vv=VM code, C=native code)
C  0x0000000180003ae0
j  com.sun.jna.Memory.<init>(J)V+27
j  com.sun.jna.ptr.ByReference.<init>(I)V+11
j  com.sun.jna.ptr.IntByReference.<init>(I)V+2
j  com.sun.jna.ptr.IntByReference.<init>()V+2
j  edu.cmu.ri.createlab.usb.hid.windows.WindowsHIDDevice.write([B)Ledu/cmu/ri/createlab/usb/hid/HIDWriteStatus;+181
j  edu.cmu.ri.createlab.usb.hid.CreateLabHIDCommandStrategy.execute(Ledu/cmu/ri/createlab/usb/hid/HIDDevice;)Ledu/cmu/ri/createlab/usb/hid/HIDCommandResponse;+15
j  edu.cmu.ri.createlab.usb.hid.CreateLabHIDCommandStrategy.execute(Ljava/lang/Object;)Ledu/cmu/ri/createlab/util/commandexecution/CommandResponse;+5
j  edu.cmu.ri.createlab.usb.hid.HIDCommand.call()Ledu/cmu/ri/createlab/usb/hid/HIDCommandResponse;+8
j  edu.cmu.ri.createlab.usb.hid.HIDCommand.call()Ljava/lang/Object;+1
j  java.util.concurrent.FutureTask.run()V+42
j  java.util.concurrent.ThreadPoolExecutor.runWorker(Ljava/util/concurrent/ThreadPoolExecutor$Worker;)V+95
j  java.util.concurrent.ThreadPoolExecutor$Worker.run()V+5
j  java.lang.Thread.run()V+11
v  ~StubRoutines::call_stub
V  [jvm.dll+0x1cb0c3]

Java frames: (J=compiled Java code, j=interpreted, Vv=VM code)
j  com.sun.jna.Memory.malloc(J)J+0
j  com.sun.jna.Memory.<init>(J)V+27
j  com.sun.jna.ptr.ByReference.<init>(I)V+11
j  com.sun.jna.ptr.IntByReference.<init>(I)V+2
j  com.sun.jna.ptr.IntByReference.<init>()V+2
j  edu.cmu.ri.createlab.usb.hid.windows.WindowsHIDDevice.write([B)Ledu/cmu/ri/createlab/usb/hid/HIDWriteStatus;+181
j  edu.cmu.ri.createlab.usb.hid.CreateLabHIDCommandStrategy.execute(Ledu/cmu/ri/createlab/usb/hid/HIDDevice;)Ledu/cmu/ri/createlab/usb/hid/HIDCommandResponse;+15
j  edu.cmu.ri.createlab.usb.hid.CreateLabHIDCommandStrategy.execute(Ljava/lang/Object;)Ledu/cmu/ri/createlab/util/commandexecution/CommandResponse;+5
j  edu.cmu.ri.createlab.usb.hid.HIDCommand.call()Ledu/cmu/ri/createlab/usb/hid/HIDCommandResponse;+8
j  edu.cmu.ri.createlab.usb.hid.HIDCommand.call()Ljava/lang/Object;+1
j  java.util.concurrent.FutureTask.run()V+42
j  java.util.concurrent.ThreadPoolExecutor.runWorker(Ljava/util/concurrent/ThreadPoolExecutor$Worker;)V+95
j  java.util.concurrent.ThreadPoolExecutor$Worker.run()V+5
j  java.lang.Thread.run()V+11
v  ~StubRoutines::call_stub

---------------  P R O C E S S  ---------------

Java Threads: ( => current thread )
  0x000000000a0c2000 JavaThread "AWT-Shutdown" [_thread_blocked, id=4704, stack(0x000000000b9f0000,0x000000000baf0000)]
  0x000000000a0c0800 JavaThread "main" [_thread_blocked, id=448, stack(0x000000000d1b0000,0x000000000d2b0000)]
=>0x000000000a0be000 JavaThread "HIDCommandExecutionQueue.executor pool-5-thread-1" daemon [_thread_in_native, id=5248, stack(0x000000000b7a0000,0x000000000b8a0000)]
  0x000000000a0bd800 JavaThread "FinchController.peerPingScheduler pool-6-thread-1" daemon [_thread_blocked, id=4816, stack(0x000000000b3f0000,0x000000000b4f0000)]
  0x000000000a01d800 JavaThread "SeedGenerator Thread" daemon [_thread_blocked, id=5064, stack(0x000000000c1f0000,0x000000000c2f0000)]
  0x000000000a0d8000 JavaThread "BaseCreateLabDeviceConnectivityManager.executorService pool-1-thread-1" daemon [_thread_blocked, id=3688, stack(0x000000000c050000,0x000000000c150000)]
  0x000000000a0d6800 JavaThread "DatasetPlotter.executorService pool-4-thread-1" daemon [_thread_blocked, id=2928, stack(0x000000000bf00000,0x000000000c000000)]
  0x000000000a0d4800 JavaThread "DatasetPlotter.executorService pool-3-thread-1" daemon [_thread_blocked, id=240, stack(0x000000000bb40000,0x000000000bc40000)]
  0x000000000a0d3000 JavaThread "DatasetPlotter.executorService pool-2-thread-1" daemon [_thread_blocked, id=4736, stack(0x000000000bc70000,0x000000000bd70000)]
  0x00000000021be800 JavaThread "DestroyJavaVM" [_thread_blocked, id=5880, stack(0x00000000022a0000,0x00000000023a0000)]
  0x0000000009ec3000 JavaThread "BlueJ worker thread" [_thread_blocked, id=1112, stack(0x000000000aef0000,0x000000000aff0000)]
  0x0000000009e3f000 JavaThread "Java2D Disposer" daemon [_thread_blocked, id=3356, stack(0x000000000a7c0000,0x000000000a8c0000)]
  0x0000000009dbe800 JavaThread "Service Thread" daemon [_thread_blocked, id=6008, stack(0x000000000a420000,0x000000000a520000)]
  0x00000000085ef000 JavaThread "C2 CompilerThread1" daemon [_thread_blocked, id=2912, stack(0x00000000057d0000,0x00000000058d0000)]
  0x0000000009db9800 JavaThread "C2 CompilerThread0" daemon [_thread_blocked, id=6012, stack(0x000000000a320000,0x000000000a420000)]
  0x00000000085e4800 JavaThread "JDWP Event Helper Thread" daemon [_thread_blocked, id=5960, stack(0x0000000009cb0000,0x0000000009db0000)]
  0x00000000085d0000 JavaThread "Attach Listener" daemon [_thread_blocked, id=1592, stack(0x0000000009670000,0x0000000009770000)]
  0x00000000085c9000 JavaThread "Signal Dispatcher" daemon [_thread_blocked, id=352, stack(0x00000000099e0000,0x0000000009ae0000)]
  0x0000000008577800 JavaThread "Finalizer" daemon [_thread_blocked, id=6028, stack(0x0000000009770000,0x0000000009870000)]
  0x000000000856e800 JavaThread "Reference Handler" daemon [_thread_blocked, id=3296, stack(0x0000000009560000,0x0000000009660000)]

Other Threads:
  0x0000000008567800 VMThread [stack: 0x00000000093d0000,0x00000000094d0000] [id=5616]
  0x0000000009dd3800 WatcherThread [stack: 0x000000000a5c0000,0x000000000a6c0000] [id=2084]

VM state:not at safepoint (normal execution)

VM Mutex/Monitor currently owned by a thread: None

Heap
 PSYoungGen      total 18944K, used 7942K [0x00000000eb500000, 0x00000000eda00000, 0x0000000100000000)
  eden space 16384K, 32% used [0x00000000eb500000,0x00000000eba41820,0x00000000ec500000)
  from space 2560K, 100% used [0x00000000ec780000,0x00000000eca00000,0x00000000eca00000)
  to   space 2560K, 0% used [0x00000000ec500000,0x00000000ec500000,0x00000000ec780000)
 ParOldGen       total 41984K, used 14186K [0x00000000c2000000, 0x00000000c4900000, 0x00000000eb500000)
  object space 41984K, 33% used [0x00000000c2000000,0x00000000c2ddaa10,0x00000000c4900000)
 PSPermGen       total 21504K, used 11151K [0x00000000bce00000, 0x00000000be300000, 0x00000000c2000000)
  object space 21504K, 51% used [0x00000000bce00000,0x00000000bd8e3e10,0x00000000be300000)

Card table byte_map: [0x0000000005460000,0x0000000005680000] byte_map_base: 0x0000000004e79000

Polling page: 0x0000000000230000

Code Cache  [0x00000000023a0000, 0x0000000002610000, 0x00000000053a0000)
 total_blobs=476 nmethods=138 adapters=299 free_code_cache=48393Kb largest_free_block=49529792

Compilation events (10 events):
Event: 37.063 Thread 0x00000000085ef000 nmethod 134 0x00000000024578d0 code [0x0000000002457a00, 0x0000000002457a58]
Event: 37.073 Thread 0x00000000085ef000  135             edu.cmu.ri.createlab.userinterface.component.DatasetPlotter$1::run (8 bytes)
Event: 37.080 Thread 0x00000000085ef000 nmethod 135 0x000000000245a4d0 code [0x000000000245a660, 0x000000000245ad68]
Event: 37.081 Thread 0x0000000009db9800 nmethod 133 0x000000000245f910 code [0x000000000245fb20, 0x0000000002460830]
Event: 37.113 Thread 0x00000000085ef000  136             java.util.concurrent.ScheduledThreadPoolExecutor$ScheduledFutureTask::run (59 bytes)
Event: 37.121 Thread 0x00000000085ef000 nmethod 136 0x000000000245cf10 code [0x000000000245d0e0, 0x000000000245d610]
Event: 51.843 Thread 0x0000000009db9800  137 % !         java.util.concurrent.ThreadPoolExecutor::runWorker @ 21 (225 bytes)
Event: 51.854 Thread 0x0000000009db9800 nmethod 137% 0x000000000245ba50 code [0x000000000245bc60, 0x000000000245c5a8]
Event: 132.746 Thread 0x00000000085ef000  138             java.util.concurrent.locks.AbstractQueuedSynchronizer$ConditionObject::signal (33 bytes)
Event: 132.750 Thread 0x00000000085ef000 nmethod 138 0x0000000002459d90 code [0x0000000002459f00, 0x000000000245a178]

GC Heap History (4 events):
Event: 11.277 GC heap before
{Heap before GC invocations=1 (full 0):
 PSYoungGen      total 18944K, used 16384K [0x00000000eb500000, 0x00000000eca00000, 0x0000000100000000)
  eden space 16384K, 100% used [0x00000000eb500000,0x00000000ec500000,0x00000000ec500000)
  from space 2560K, 0% used [0x00000000ec780000,0x00000000ec780000,0x00000000eca00000)
  to   space 2560K, 0% used [0x00000000ec500000,0x00000000ec500000,0x00000000ec780000)
 ParOldGen       total 41984K, used 0K [0x00000000c2000000, 0x00000000c4900000, 0x00000000eb500000)
  object space 41984K, 0% used [0x00000000c2000000,0x00000000c2000000,0x00000000c4900000)
 PSPermGen       total 21504K, used 10162K [0x00000000bce00000, 0x00000000be300000, 0x00000000c2000000)
  object space 21504K, 47% used [0x00000000bce00000,0x00000000bd7ec8b0,0x00000000be300000)
Event: 11.287 GC heap after
Heap after GC invocations=1 (full 0):
 PSYoungGen      total 18944K, used 2544K [0x00000000eb500000, 0x00000000eca00000, 0x0000000100000000)
  eden space 16384K, 0% used [0x00000000eb500000,0x00000000eb500000,0x00000000ec500000)
  from space 2560K, 99% used [0x00000000ec500000,0x00000000ec77c020,0x00000000ec780000)
  to   space 2560K, 0% used [0x00000000ec780000,0x00000000ec780000,0x00000000eca00000)
 ParOldGen       total 41984K, used 3500K [0x00000000c2000000, 0x00000000c4900000, 0x00000000eb500000)
  object space 41984K, 8% used [0x00000000c2000000,0x00000000c236b2e0,0x00000000c4900000)
 PSPermGen       total 21504K, used 10162K [0x00000000bce00000, 0x00000000be300000, 0x00000000c2000000)
  object space 21504K, 47% used [0x00000000bce00000,0x00000000bd7ec8b0,0x00000000be300000)
}
Event: 11.592 GC heap before
{Heap before GC invocations=2 (full 0):
 PSYoungGen      total 18944K, used 18928K [0x00000000eb500000, 0x00000000eca00000, 0x0000000100000000)
  eden space 16384K, 100% used [0x00000000eb500000,0x00000000ec500000,0x00000000ec500000)
  from space 2560K, 99% used [0x00000000ec500000,0x00000000ec77c020,0x00000000ec780000)
  to   space 2560K, 0% used [0x00000000ec780000,0x00000000ec780000,0x00000000eca00000)
 ParOldGen       total 41984K, used 3500K [0x00000000c2000000, 0x00000000c4900000, 0x00000000eb500000)
  object space 41984K, 8% used [0x00000000c2000000,0x00000000c236b2e0,0x00000000c4900000)
 PSPermGen       total 21504K, used 10738K [0x00000000bce00000, 0x00000000be300000, 0x00000000c2000000)
  object space 21504K, 49% used [0x00000000bce00000,0x00000000bd87c968,0x00000000be300000)
Event: 11.613 GC heap after
Heap after GC invocations=2 (full 0):
 PSYoungGen      total 18944K, used 2560K [0x00000000eb500000, 0x00000000eda00000, 0x0000000100000000)
  eden space 16384K, 0% used [0x00000000eb500000,0x00000000eb500000,0x00000000ec500000)
  from space 2560K, 100% used [0x00000000ec780000,0x00000000eca00000,0x00000000eca00000)
  to   space 2560K, 0% used [0x00000000ec500000,0x00000000ec500000,0x00000000ec780000)
 ParOldGen       total 41984K, used 14186K [0x00000000c2000000, 0x00000000c4900000, 0x00000000eb500000)
  object space 41984K, 33% used [0x00000000c2000000,0x00000000c2ddaa10,0x00000000c4900000)
 PSPermGen       total 21504K, used 10738K [0x00000000bce00000, 0x00000000be300000, 0x00000000c2000000)
  object space 21504K, 49% used [0x00000000bce00000,0x00000000bd87c968,0x00000000be300000)
}

Deoptimization events (10 events):
Event: 11.328 Thread 0x0000000009f0c800 Uncommon trap: reason=class_check action=maybe_recompile pc=0x0000000002425c28 method=java.io.DataInputStream.readChar()C @ 4
Event: 11.452 Thread 0x0000000009f0c800 Uncommon trap: reason=unreached action=reinterpret pc=0x0000000002437688 method=java.io.BufferedReader.readLine(Z)Ljava/lang/String; @ 192
Event: 11.479 Thread 0x0000000009f0c800 Uncommon trap: reason=class_check action=maybe_recompile pc=0x000000000242aec8 method=java.io.DataInputStream.readInt()I @ 4
Event: 11.480 Thread 0x0000000009f0c800 Uncommon trap: reason=class_check action=maybe_recompile pc=0x000000000242aec8 method=java.io.DataInputStream.readInt()I @ 4
Event: 11.480 Thread 0x0000000009f0c800 Uncommon trap: reason=class_check action=maybe_recompile pc=0x000000000242aec8 method=java.io.DataInputStream.readInt()I @ 4
Event: 11.480 Thread 0x0000000009f0c800 Uncommon trap: reason=class_check action=maybe_recompile pc=0x000000000242aec8 method=java.io.DataInputStream.readInt()I @ 4
Event: 11.644 Thread 0x0000000009f0c800 Uncommon trap: reason=bimorphic action=maybe_recompile pc=0x000000000243ff88 method=java.io.DataInputStream.readInt()I @ 4
Event: 11.645 Thread 0x0000000009f0c800 Uncommon trap: reason=bimorphic action=maybe_recompile pc=0x000000000243ff88 method=java.io.DataInputStream.readInt()I @ 4
Event: 11.645 Thread 0x0000000009f0c800 Uncommon trap: reason=bimorphic action=maybe_recompile pc=0x000000000243ff88 method=java.io.DataInputStream.readInt()I @ 4
Event: 11.645 Thread 0x0000000009f0c800 Uncommon trap: reason=bimorphic action=maybe_recompile pc=0x000000000243ff88 method=java.io.DataInputStream.readInt()I @ 4

Internal exceptions (10 events):
Event: 11.589 Thread 0x0000000009f0c800 Threw 0x00000000ec4b2738 at C:\re\jdk7u45\229\hotspot\src\share\vm\prims\jvm.cpp:1244
Event: 11.618 Thread 0x0000000009f0c800 Threw 0x00000000eb50d800 at C:\re\jdk7u45\229\hotspot\src\share\vm\prims\jvm.cpp:1244
Event: 11.618 Thread 0x0000000009f0c800 Threw 0x00000000eb510350 at C:\re\jdk7u45\229\hotspot\src\share\vm\prims\jvm.cpp:1244
Event: 11.619 Thread 0x0000000009f0c800 Threw 0x00000000eb516670 at C:\re\jdk7u45\229\hotspot\src\share\vm\prims\jvm.cpp:1244
Event: 11.619 Thread 0x0000000009f0c800 Threw 0x00000000eb519178 at C:\re\jdk7u45\229\hotspot\src\share\vm\prims\jvm.cpp:1244
Event: 11.619 Thread 0x0000000009f0c800 Threw 0x00000000eb51c518 at C:\re\jdk7u45\229\hotspot\src\share\vm\prims\jvm.cpp:1244
Event: 11.621 Thread 0x0000000009f0c800 Threw 0x00000000eb526768 at C:\re\jdk7u45\229\hotspot\src\share\vm\prims\jvm.cpp:1244
Event: 11.623 Thread 0x000000000a0bc800 Threw 0x00000000eb544658 at C:\re\jdk7u45\229\hotspot\src\share\vm\prims\jvm.cpp:1244
Event: 11.639 Thread 0x0000000009f0c800 Threw 0x00000000eb56b420 at C:\re\jdk7u45\229\hotspot\src\share\vm\prims\jvm.cpp:1244
Event: 11.658 Thread 0x0000000009f0c800 Threw 0x00000000eb5b8b18 at C:\re\jdk7u45\229\hotspot\src\share\vm\runtime\reflection.cpp:1030

Events (10 events):
Event: 314.738 Thread 0x00000000085d6800 Thread exited: 0x00000000085d6800
Event: 314.738 Thread 0x000000000a0c2000 Thread added: 0x000000000a0c2000
Event: 314.738 Executing VM operation: RevokeBias
Event: 314.739 Executing VM operation: RevokeBias done
Event: 314.739 Thread 0x000000000a0bf800 Thread exited: 0x000000000a0bf800
Event: 314.739 Thread 0x000000000a0bc800 Thread exited: 0x000000000a0bc800
Event: 314.739 loading class 0x0000000002144c50
Event: 314.739 loading class 0x0000000002144c50 done
Event: 314.741 Thread 0x000000000a0c1000 Thread exited: 0x000000000a0c1000
Event: 314.741 Thread 0x0000000009e8c000 Thread exited: 0x0000000009e8c000


Dynamic libraries:
0x000000013f920000 - 0x000000013f953000 	C:\Program Files\Java\jdk1.7.0_45\jre\bin\java.exe
0x00000000775d0000 - 0x0000000077779000 	C:\Windows\SYSTEM32\ntdll.dll
0x0000000076ef0000 - 0x000000007700f000 	C:\Windows\system32\kernel32.dll
0x000007fefdcd0000 - 0x000007fefdd3b000 	C:\Windows\system32\KERNELBASE.dll
0x000007feff790000 - 0x000007feff86b000 	C:\Windows\system32\ADVAPI32.dll
0x000007fefdf30000 - 0x000007fefdfcf000 	C:\Windows\system32\msvcrt.dll
0x000007feff210000 - 0x000007feff22f000 	C:\Windows\SYSTEM32\sechost.dll
0x000007fefde00000 - 0x000007fefdf2d000 	C:\Windows\system32\RPCRT4.dll
0x0000000077160000 - 0x000000007725a000 	C:\Windows\system32\USER32.dll
0x000007feff320000 - 0x000007feff387000 	C:\Windows\system32\GDI32.dll
0x000007feff8d0000 - 0x000007feff8de000 	C:\Windows\system32\LPK.dll
0x000007feff250000 - 0x000007feff319000 	C:\Windows\system32\USP10.dll
0x000007fefc470000 - 0x000007fefc664000 	C:\Windows\WinSxS\amd64_microsoft.windows.common-controls_6595b64144ccf1df_6.0.7601.17514_none_fa396087175ac9ac\COMCTL32.dll
0x000007feff190000 - 0x000007feff201000 	C:\Windows\system32\SHLWAPI.dll
0x000007feff710000 - 0x000007feff73e000 	C:\Windows\system32\IMM32.DLL
0x000007feff600000 - 0x000007feff709000 	C:\Windows\system32\MSCTF.dll
0x0000000072650000 - 0x0000000072722000 	C:\Program Files\Java\jdk1.7.0_45\jre\bin\msvcr100.dll
0x0000000065560000 - 0x0000000065d29000 	C:\Program Files\Java\jdk1.7.0_45\jre\bin\server\jvm.dll
0x000007fef8d10000 - 0x000007fef8d19000 	C:\Windows\system32\WSOCK32.dll
0x000007feff740000 - 0x000007feff78d000 	C:\Windows\system32\WS2_32.dll
0x000007feff390000 - 0x000007feff398000 	C:\Windows\system32\NSI.dll
0x000007fefbaa0000 - 0x000007fefbadb000 	C:\Windows\system32\WINMM.dll
0x00000000777a0000 - 0x00000000777a7000 	C:\Windows\system32\PSAPI.DLL
0x0000000072640000 - 0x000000007264f000 	C:\Program Files\Java\jdk1.7.0_45\jre\bin\verify.dll
0x0000000072610000 - 0x0000000072638000 	C:\Program Files\Java\jdk1.7.0_45\jre\bin\java.dll
0x0000000072270000 - 0x00000000722a5000 	C:\Program Files\Java\jdk1.7.0_45\jre\bin\jdwp.dll
0x0000000072260000 - 0x0000000072268000 	C:\Program Files\Java\jdk1.7.0_45\jre\bin\npt.dll
0x00000000725f0000 - 0x0000000072605000 	C:\Program Files\Java\jdk1.7.0_45\jre\bin\zip.dll
0x00000000722b0000 - 0x00000000722bb000 	C:\Program Files\Java\jdk1.7.0_45\jre\bin\dt_shmem.dll
0x0000000072450000 - 0x00000000725e5000 	C:\Program Files\Java\jdk1.7.0_45\jre\bin\awt.dll
0x000007fefdfd0000 - 0x000007fefe0a7000 	C:\Windows\system32\OLEAUT32.dll
0x000007fefe150000 - 0x000007fefe353000 	C:\Windows\system32\ole32.dll
0x000007fefc410000 - 0x000007fefc466000 	C:\Windows\system32\uxtheme.dll
0x000007fefc010000 - 0x000007fefc028000 	C:\Windows\system32\dwmapi.dll
0x000007fefd920000 - 0x000007fefd92f000 	C:\Windows\system32\CRYPTBASE.dll
0x0000000072430000 - 0x0000000072449000 	C:\Program Files\Java\jdk1.7.0_45\jre\bin\net.dll
0x000007fefd260000 - 0x000007fefd2b5000 	C:\Windows\system32\mswsock.dll
0x000007fefd250000 - 0x000007fefd257000 	C:\Windows\System32\wship6.dll
0x0000000072410000 - 0x0000000072421000 	C:\Program Files\Java\jdk1.7.0_45\jre\bin\nio.dll
0x000007fefe400000 - 0x000007feff188000 	C:\Windows\system32\SHELL32.dll
0x000007fefd2c0000 - 0x000007fefd2d7000 	C:\Windows\system32\CRYPTSP.dll
0x000007fefcfc0000 - 0x000007fefd007000 	C:\Windows\system32\rsaenh.dll
0x000007fefcd70000 - 0x000007fefcd8e000 	C:\Windows\system32\USERENV.dll
0x000007fefda30000 - 0x000007fefda3f000 	C:\Windows\system32\profapi.dll
0x000007fefb830000 - 0x000007fefb845000 	C:\Windows\system32\NLAapi.dll
0x000007fefac30000 - 0x000007fefac45000 	C:\Windows\system32\napinsp.dll
0x000007fefac50000 - 0x000007fefac69000 	C:\Windows\system32\pnrpnsp.dll
0x000007fefd0e0000 - 0x000007fefd13b000 	C:\Windows\system32\DNSAPI.dll
0x000007fefac20000 - 0x000007fefac2b000 	C:\Windows\System32\winrnr.dll
0x0000000074e20000 - 0x0000000074e55000 	C:\Program Files\Bonjour\mdnsNSP.dll
0x000007fefb4f0000 - 0x000007fefb517000 	C:\Windows\system32\Iphlpapi.DLL
0x000007fefb4a0000 - 0x000007fefb4ab000 	C:\Windows\system32\WINNSI.DLL
0x000007fefcc50000 - 0x000007fefcc57000 	C:\Windows\System32\wshtcpip.dll
0x000007fefac80000 - 0x000007fefac88000 	C:\Windows\system32\rasadhlp.dll
0x000007fefb140000 - 0x000007fefb193000 	C:\Windows\System32\fwpuclnt.dll
0x000007fefc940000 - 0x000007fefc94b000 	C:\Windows\system32\hid.dll
0x000007feff420000 - 0x000007feff5f7000 	C:\Windows\system32\setupapi.dll
0x000007fefdc90000 - 0x000007fefdcc6000 	C:\Windows\system32\CFGMGR32.dll
0x000007fefdd40000 - 0x000007fefdd5a000 	C:\Windows\system32\DEVOBJ.dll
0x000007fefdae0000 - 0x000007fefdb1a000 	C:\Windows\system32\WINTRUST.dll
0x000007fefdb20000 - 0x000007fefdc8c000 	C:\Windows\system32\CRYPT32.dll
0x000007fefdad0000 - 0x000007fefdadf000 	C:\Windows\system32\MSASN1.dll
0x0000000072130000 - 0x000000007213c000 	C:\Program Files\Java\jdk1.7.0_45\jre\bin\jsound.dll
0x0000000072150000 - 0x000000007215b000 	C:\Program Files\Java\jdk1.7.0_45\jre\bin\jsoundds.dll
0x000007fef8f20000 - 0x000007fef8fa8000 	C:\Windows\system32\DSOUND.dll
0x000007fefcb40000 - 0x000007fefcb6c000 	C:\Windows\system32\POWRPROF.dll
0x000007fefbf70000 - 0x000007fefbfbb000 	C:\Windows\system32\MMDevAPI.DLL
0x000007fefbdf0000 - 0x000007fefbf1c000 	C:\Windows\system32\PROPSYS.dll
0x000007fefb5f0000 - 0x000007fefb62b000 	C:\Windows\system32\wdmaud.drv
0x0000000072cf0000 - 0x0000000072cf6000 	C:\Windows\system32\ksuser.dll
0x000007fefbda0000 - 0x000007fefbda9000 	C:\Windows\system32\AVRT.dll
0x000007fefe0b0000 - 0x000007fefe149000 	C:\Windows\system32\CLBCatQ.DLL
0x000007fef4b60000 - 0x000007fef4c85000 	C:\Windows\system32\dbghelp.dll

VM Arguments:
jvm_args: -ea -agentlib:jdwp=transport=dt_shmem,address=javadebug 
java_command: bluej.runtime.ExecServer UTF-8
Launcher Type: SUN_STANDARD

Environment Variables:
CLASSPATH=.;C:\Program Files (x86)\QuickTime\QTSystem\QTJava.zip
PATH=C:\Windows\system32;C:\Windows;C:\Windows\System32\Wbem;C:\Windows\System32\WindowsPowerShell\v1.0\;C:\Program Files (x86)\Common Files\Roxio Shared\DLLShared\;C:\Program Files (x86)\Common Files\Roxio Shared\10.0\DLLShared\;C:\Program Files (x86)\QuickTime\QTSystem\;C:\Program Files\Windows Imaging\;C:\Program Files (x86)\Microsoft SQL Server\90\Tools\binn\
USERNAME=JGilbert113
OS=Windows_NT
PROCESSOR_IDENTIFIER=Intel64 Family 6 Model 23 Stepping 10, GenuineIntel



---------------  S Y S T E M  ---------------

OS: Windows 7 , 64 bit Build 7601 Service Pack 1

CPU:total 4 (4 cores per cpu, 1 threads per core) family 6 model 23 stepping 10, cmov, cx8, fxsr, mmx, sse, sse2, sse3, ssse3, sse4.1, tsc

Memory: 4k page, physical 4060788k(2295016k free), swap 8119716k(5839388k free)

vm_info: Java HotSpot(TM) 64-Bit Server VM (24.45-b08) for windows-amd64 JRE (1.7.0_45-b18), built on Oct  8 2013 05:47:22 by "java_re" with unknown MS VC++:1600

time: Wed Apr 16 10:07:30 2014
elapsed time: 314 seconds

